  [1m[35m (0.1ms)[0m  [1m[34mSELECT sqlite_version(*)[0m
  ↳ bin/rails:9
  [1m[35m (123.1ms)[0m  [1m[35mCREATE TABLE "schema_migrations" ("version" varchar NOT NULL PRIMARY KEY)[0m
  ↳ bin/rails:9
  [1m[35m (96.1ms)[0m  [1m[35mCREATE TABLE "ar_internal_metadata" ("key" varchar NOT NULL PRIMARY KEY, "value" varchar, "created_at" datetime NOT NULL, "updated_at" datetime NOT NULL)[0m
  ↳ bin/rails:9
  [1m[35m (0.2ms)[0m  [1m[34mSELECT "schema_migrations"."version" FROM "schema_migrations" ORDER BY "schema_migrations"."version" ASC[0m
  ↳ bin/rails:9
Migrating to CreateUsers (20190329134320)
  [1m[35m (0.1ms)[0m  [1m[36mbegin transaction[0m
  ↳ bin/rails:9
  [1m[35m (0.4ms)[0m  [1m[35mCREATE TABLE "users" ("id" integer PRIMARY KEY AUTOINCREMENT NOT NULL, "name" varchar, "lastname" varchar, "email" varchar, "password" varchar, "address" varchar, "created_at" datetime NOT NULL, "updated_at" datetime NOT NULL)[0m
  ↳ db/migrate/20190329134320_create_users.rb:3
  [1m[36mActiveRecord::SchemaMigration Create (0.2ms)[0m  [1m[32mINSERT INTO "schema_migrations" ("version") VALUES (?)[0m  [["version", "20190329134320"]]
  ↳ bin/rails:9
  [1m[35m (115.8ms)[0m  [1m[36mcommit transaction[0m
  ↳ bin/rails:9
Migrating to CreateEventVenues (20190329134334)
  [1m[35m (0.1ms)[0m  [1m[36mbegin transaction[0m
  ↳ bin/rails:9
  [1m[35m (0.4ms)[0m  [1m[35mCREATE TABLE "event_venues" ("id" integer PRIMARY KEY AUTOINCREMENT NOT NULL, "name" varchar, "address" varchar, "capacity" integer, "created_at" datetime NOT NULL, "updated_at" datetime NOT NULL)[0m
  ↳ db/migrate/20190329134334_create_event_venues.rb:3
  [1m[36mActiveRecord::SchemaMigration Create (0.2ms)[0m  [1m[32mINSERT INTO "schema_migrations" ("version") VALUES (?)[0m  [["version", "20190329134334"]]
  ↳ bin/rails:9
  [1m[35m (107.0ms)[0m  [1m[36mcommit transaction[0m
  ↳ bin/rails:9
Migrating to CreateEvents (20190329134423)
  [1m[35m (0.1ms)[0m  [1m[36mbegin transaction[0m
  ↳ bin/rails:9
  [1m[35m (0.5ms)[0m  [1m[35mCREATE TABLE "events" ("id" integer PRIMARY KEY AUTOINCREMENT NOT NULL, "name" varchar, "description" varchar, "start_date" date, "event_venue_id" integer, "created_at" datetime NOT NULL, "updated_at" datetime NOT NULL, CONSTRAINT "fk_rails_07a8e73ad7"
FOREIGN KEY ("event_venue_id")
  REFERENCES "event_venues" ("id")
)[0m
  ↳ db/migrate/20190329134423_create_events.rb:3
  [1m[35m (0.2ms)[0m  [1m[35mCREATE  INDEX "index_events_on_event_venue_id" ON "events" ("event_venue_id")[0m
  ↳ db/migrate/20190329134423_create_events.rb:3
  [1m[36mActiveRecord::SchemaMigration Create (0.2ms)[0m  [1m[32mINSERT INTO "schema_migrations" ("version") VALUES (?)[0m  [["version", "20190329134423"]]
  ↳ bin/rails:9
  [1m[35m (105.7ms)[0m  [1m[36mcommit transaction[0m
  ↳ bin/rails:9
Migrating to CreateTicketZones (20190329134615)
  [1m[35m (0.1ms)[0m  [1m[36mbegin transaction[0m
  ↳ bin/rails:9
  [1m[35m (0.4ms)[0m  [1m[35mCREATE TABLE "ticket_zones" ("id" integer PRIMARY KEY AUTOINCREMENT NOT NULL, "zone" varchar, "created_at" datetime NOT NULL, "updated_at" datetime NOT NULL)[0m
  ↳ db/migrate/20190329134615_create_ticket_zones.rb:3
  [1m[36mActiveRecord::SchemaMigration Create (0.2ms)[0m  [1m[32mINSERT INTO "schema_migrations" ("version") VALUES (?)[0m  [["version", "20190329134615"]]
  ↳ bin/rails:9
  [1m[35m (107.2ms)[0m  [1m[36mcommit transaction[0m
  ↳ bin/rails:9
Migrating to CreateTicketTypes (20190329134642)
  [1m[35m (0.1ms)[0m  [1m[36mbegin transaction[0m
  ↳ bin/rails:9
  [1m[35m (0.4ms)[0m  [1m[35mCREATE TABLE "ticket_types" ("id" integer PRIMARY KEY AUTOINCREMENT NOT NULL, "event_id" integer, "price" integer, "ticket_zone_id" integer, "created_at" datetime NOT NULL, "updated_at" datetime NOT NULL, CONSTRAINT "fk_rails_3f5bd3dab9"
FOREIGN KEY ("event_id")
  REFERENCES "events" ("id")
, CONSTRAINT "fk_rails_0920abe530"
FOREIGN KEY ("ticket_zone_id")
  REFERENCES "ticket_zones" ("id")
)[0m
  ↳ db/migrate/20190329134642_create_ticket_types.rb:3
  [1m[35m (0.2ms)[0m  [1m[35mCREATE  INDEX "index_ticket_types_on_event_id" ON "ticket_types" ("event_id")[0m
  ↳ db/migrate/20190329134642_create_ticket_types.rb:3
  [1m[35m (0.2ms)[0m  [1m[35mCREATE  INDEX "index_ticket_types_on_ticket_zone_id" ON "ticket_types" ("ticket_zone_id")[0m
  ↳ db/migrate/20190329134642_create_ticket_types.rb:3
  [1m[36mActiveRecord::SchemaMigration Create (0.2ms)[0m  [1m[32mINSERT INTO "schema_migrations" ("version") VALUES (?)[0m  [["version", "20190329134642"]]
  ↳ bin/rails:9
  [1m[35m (149.4ms)[0m  [1m[36mcommit transaction[0m
  ↳ bin/rails:9
Migrating to CreateOrders (20190329134721)
  [1m[35m (0.1ms)[0m  [1m[36mbegin transaction[0m
  ↳ bin/rails:9
  [1m[35m (0.4ms)[0m  [1m[35mCREATE TABLE "orders" ("id" integer PRIMARY KEY AUTOINCREMENT NOT NULL, "user_id" integer, "created_at" datetime NOT NULL, "updated_at" datetime NOT NULL, CONSTRAINT "fk_rails_f868b47f6a"
FOREIGN KEY ("user_id")
  REFERENCES "users" ("id")
)[0m
  ↳ db/migrate/20190329134721_create_orders.rb:3
  [1m[35m (0.2ms)[0m  [1m[35mCREATE  INDEX "index_orders_on_user_id" ON "orders" ("user_id")[0m
  ↳ db/migrate/20190329134721_create_orders.rb:3
  [1m[36mActiveRecord::SchemaMigration Create (0.2ms)[0m  [1m[32mINSERT INTO "schema_migrations" ("version") VALUES (?)[0m  [["version", "20190329134721"]]
  ↳ bin/rails:9
  [1m[35m (105.8ms)[0m  [1m[36mcommit transaction[0m
  ↳ bin/rails:9
Migrating to CreateTickets (20190329134851)
  [1m[35m (0.1ms)[0m  [1m[36mbegin transaction[0m
  ↳ bin/rails:9
  [1m[35m (0.4ms)[0m  [1m[35mCREATE TABLE "tickets" ("id" integer PRIMARY KEY AUTOINCREMENT NOT NULL, "ticket_type_id" integer, "order_id" integer, "created_at" datetime NOT NULL, "updated_at" datetime NOT NULL, CONSTRAINT "fk_rails_89217f3a4e"
FOREIGN KEY ("ticket_type_id")
  REFERENCES "ticket_types" ("id")
, CONSTRAINT "fk_rails_c6410ba81d"
FOREIGN KEY ("order_id")
  REFERENCES "orders" ("id")
)[0m
  ↳ db/migrate/20190329134851_create_tickets.rb:3
  [1m[35m (0.2ms)[0m  [1m[35mCREATE  INDEX "index_tickets_on_ticket_type_id" ON "tickets" ("ticket_type_id")[0m
  ↳ db/migrate/20190329134851_create_tickets.rb:3
  [1m[35m (0.2ms)[0m  [1m[35mCREATE  INDEX "index_tickets_on_order_id" ON "tickets" ("order_id")[0m
  ↳ db/migrate/20190329134851_create_tickets.rb:3
  [1m[36mActiveRecord::SchemaMigration Create (0.2ms)[0m  [1m[32mINSERT INTO "schema_migrations" ("version") VALUES (?)[0m  [["version", "20190329134851"]]
  ↳ bin/rails:9
  [1m[35m (115.8ms)[0m  [1m[36mcommit transaction[0m
  ↳ bin/rails:9
  [1m[36mActiveRecord::InternalMetadata Load (0.2ms)[0m  [1m[34mSELECT  "ar_internal_metadata".* FROM "ar_internal_metadata" WHERE "ar_internal_metadata"."key" = ? LIMIT ?[0m  [["key", "environment"], ["LIMIT", 1]]
  ↳ bin/rails:9
  [1m[35m (0.1ms)[0m  [1m[36mbegin transaction[0m
  ↳ bin/rails:9
  [1m[36mActiveRecord::InternalMetadata Create (0.4ms)[0m  [1m[32mINSERT INTO "ar_internal_metadata" ("key", "value", "created_at", "updated_at") VALUES (?, ?, ?, ?)[0m  [["key", "environment"], ["value", "development"], ["created_at", "2019-04-11 17:05:17.879233"], ["updated_at", "2019-04-11 17:05:17.879233"]]
  ↳ bin/rails:9
  [1m[35m (77.5ms)[0m  [1m[36mcommit transaction[0m
  ↳ bin/rails:9
  [1m[35m (0.2ms)[0m  [1m[34mSELECT "schema_migrations"."version" FROM "schema_migrations" ORDER BY "schema_migrations"."version" ASC[0m
  ↳ bin/rails:9
  [1m[35m (0.2ms)[0m  [1m[34mSELECT "schema_migrations"."version" FROM "schema_migrations" ORDER BY "schema_migrations"."version" ASC[0m
  ↳ bin/rails:9
  [1m[35m (0.1ms)[0m  [1m[36mbegin transaction[0m
  ↳ db/seeds.rb:25
  [1m[36mUser Create (0.3ms)[0m  [1m[32mINSERT INTO "users" ("name", "lastname", "email", "password", "address", "created_at", "updated_at") VALUES (?, ?, ?, ?, ?, ?, ?)[0m  [["name", "Claudio"], ["lastname", "Alvarez"], ["email", "calvarez1@miuandes.cl"], ["password", "123456"], ["address", "San Carlos de Apoquindo"], ["created_at", "2019-04-11 17:05:34.956800"], ["updated_at", "2019-04-11 17:05:34.956800"]]
  ↳ db/seeds.rb:25
  [1m[35m (88.5ms)[0m  [1m[36mcommit transaction[0m
  ↳ db/seeds.rb:25
  [1m[35m (0.1ms)[0m  [1m[36mbegin transaction[0m
  ↳ db/seeds.rb:25
  [1m[36mUser Create (0.3ms)[0m  [1m[32mINSERT INTO "users" ("name", "lastname", "email", "password", "address", "created_at", "updated_at") VALUES (?, ?, ?, ?, ?, ?, ?)[0m  [["name", "Juan"], ["lastname", "Rataplan"], ["email", "jrataplan@miuandes.cl"], ["password", "123456"], ["address", "San Carlos de Apoquindo"], ["created_at", "2019-04-11 17:05:35.047749"], ["updated_at", "2019-04-11 17:05:35.047749"]]
  ↳ db/seeds.rb:25
  [1m[35m (64.5ms)[0m  [1m[36mcommit transaction[0m
  ↳ db/seeds.rb:25
  [1m[35m (0.1ms)[0m  [1m[36mbegin transaction[0m
  ↳ db/seeds.rb:25
  [1m[36mUser Create (0.3ms)[0m  [1m[32mINSERT INTO "users" ("name", "lastname", "email", "password", "address", "created_at", "updated_at") VALUES (?, ?, ?, ?, ?, ?, ?)[0m  [["name", "Raul"], ["lastname", "Rabufetti"], ["email", "rrabufetti@miuandes.cl"], ["password", "123456"], ["address", "San Carlos de Apoquindo"], ["created_at", "2019-04-11 17:05:35.114198"], ["updated_at", "2019-04-11 17:05:35.114198"]]
  ↳ db/seeds.rb:25
  [1m[35m (96.5ms)[0m  [1m[36mcommit transaction[0m
  ↳ db/seeds.rb:25
  [1m[35m (0.1ms)[0m  [1m[36mbegin transaction[0m
  ↳ db/seeds.rb:25
  [1m[36mUser Create (0.3ms)[0m  [1m[32mINSERT INTO "users" ("name", "lastname", "email", "password", "address", "created_at", "updated_at") VALUES (?, ?, ?, ?, ?, ?, ?)[0m  [["name", "Raul"], ["lastname", "Ganfolfi"], ["email", "rgandolfi@miuandes.cl"], ["password", "123456"], ["address", "San Carlos de Apoquindo"], ["created_at", "2019-04-11 17:05:35.212756"], ["updated_at", "2019-04-11 17:05:35.212756"]]
  ↳ db/seeds.rb:25
  [1m[35m (121.3ms)[0m  [1m[36mcommit transaction[0m
  ↳ db/seeds.rb:25
  [1m[35m (0.1ms)[0m  [1m[36mbegin transaction[0m
  ↳ db/seeds.rb:25
  [1m[36mUser Create (0.3ms)[0m  [1m[32mINSERT INTO "users" ("name", "lastname", "email", "password", "address", "created_at", "updated_at") VALUES (?, ?, ?, ?, ?, ?, ?)[0m  [["name", "Licenciado"], ["lastname", "Varela"], ["email", "lvarela@miuandes.cl"], ["password", "123456"], ["address", "San Carlos de Apoquindo"], ["created_at", "2019-04-11 17:05:35.335977"], ["updated_at", "2019-04-11 17:05:35.335977"]]
  ↳ db/seeds.rb:25
  [1m[35m (75.7ms)[0m  [1m[36mcommit transaction[0m
  ↳ db/seeds.rb:25
  [1m[35m (0.1ms)[0m  [1m[36mbegin transaction[0m
  ↳ db/seeds.rb:33
  [1m[36mEventVenue Create (0.3ms)[0m  [1m[32mINSERT INTO "event_venues" ("name", "address", "capacity", "created_at", "updated_at") VALUES (?, ?, ?, ?, ?)[0m  [["name", "Estadio Nacional"], ["address", "Maraton"], ["capacity", 60000], ["created_at", "2019-04-11 17:05:35.423035"], ["updated_at", "2019-04-11 17:05:35.423035"]]
  ↳ db/seeds.rb:33
  [1m[35m (77.5ms)[0m  [1m[36mcommit transaction[0m
  ↳ db/seeds.rb:33
  [1m[35m (0.1ms)[0m  [1m[36mbegin transaction[0m
  ↳ db/seeds.rb:33
  [1m[36mEventVenue Create (0.3ms)[0m  [1m[32mINSERT INTO "event_venues" ("name", "address", "capacity", "created_at", "updated_at") VALUES (?, ?, ?, ?, ?)[0m  [["name", "Estadio Monumental"], ["address", "Exequiel"], ["capacity", 25000], ["created_at", "2019-04-11 17:05:35.502461"], ["updated_at", "2019-04-11 17:05:35.502461"]]
  ↳ db/seeds.rb:33
  [1m[35m (75.7ms)[0m  [1m[36mcommit transaction[0m
  ↳ db/seeds.rb:33
  [1m[35m (0.1ms)[0m  [1m[36mbegin transaction[0m
  ↳ db/seeds.rb:33
  [1m[36mEventVenue Create (0.3ms)[0m  [1m[32mINSERT INTO "event_venues" ("name", "address", "capacity", "created_at", "updated_at") VALUES (?, ?, ?, ?, ?)[0m  [["name", "Movistar Arena"], ["address", "Matta"], ["capacity", 15000], ["created_at", "2019-04-11 17:05:35.580029"], ["updated_at", "2019-04-11 17:05:35.580029"]]
  ↳ db/seeds.rb:33
  [1m[35m (76.1ms)[0m  [1m[36mcommit transaction[0m
  ↳ db/seeds.rb:33
  [1m[35m (0.1ms)[0m  [1m[36mbegin transaction[0m
  ↳ db/seeds.rb:44
  [1m[36mEvent Create (0.3ms)[0m  [1m[32mINSERT INTO "events" ("name", "description", "start_date", "event_venue_id", "created_at", "updated_at") VALUES (?, ?, ?, ?, ?, ?)[0m  [["name", "Festival de la Cancion"], ["description", "Puro reggaeton"], ["start_date", "2019-03-01"], ["event_venue_id", 1], ["created_at", "2019-04-11 17:05:35.711781"], ["updated_at", "2019-04-11 17:05:35.711781"]]
  ↳ db/seeds.rb:44
  [1m[35m (103.9ms)[0m  [1m[36mcommit transaction[0m
  ↳ db/seeds.rb:44
  [1m[35m (0.1ms)[0m  [1m[36mbegin transaction[0m
  ↳ db/seeds.rb:44
  [1m[36mEvent Create (0.3ms)[0m  [1m[32mINSERT INTO "events" ("name", "description", "start_date", "event_venue_id", "created_at", "updated_at") VALUES (?, ?, ?, ?, ?, ?)[0m  [["name", "Twisted Sister"], ["description", "Puro rock"], ["start_date", "2019-04-01"], ["event_venue_id", 2], ["created_at", "2019-04-11 17:05:35.824938"], ["updated_at", "2019-04-11 17:05:35.824938"]]
  ↳ db/seeds.rb:44
  [1m[35m (68.7ms)[0m  [1m[36mcommit transaction[0m
  ↳ db/seeds.rb:44
  [1m[35m (0.1ms)[0m  [1m[36mbegin transaction[0m
  ↳ db/seeds.rb:44
  [1m[36mEvent Create (0.3ms)[0m  [1m[32mINSERT INTO "events" ("name", "description", "start_date", "event_venue_id", "created_at", "updated_at") VALUES (?, ?, ?, ?, ?, ?)[0m  [["name", "Bad Bunny"], ["description", "Puro Trap"], ["start_date", "2019-05-01"], ["event_venue_id", 3], ["created_at", "2019-04-11 17:05:35.895818"], ["updated_at", "2019-04-11 17:05:35.895818"]]
  ↳ db/seeds.rb:44
  [1m[35m (64.3ms)[0m  [1m[36mcommit transaction[0m
  ↳ db/seeds.rb:44
  [1m[35m (0.1ms)[0m  [1m[36mbegin transaction[0m
  ↳ db/seeds.rb:52
  [1m[36mTicketZone Create (0.3ms)[0m  [1m[32mINSERT INTO "ticket_zones" ("zone", "created_at", "updated_at") VALUES (?, ?, ?)[0m  [["zone", "Cancha"], ["created_at", "2019-04-11 17:05:35.970442"], ["updated_at", "2019-04-11 17:05:35.970442"]]
  ↳ db/seeds.rb:52
  [1m[35m (62.7ms)[0m  [1m[36mcommit transaction[0m
  ↳ db/seeds.rb:52
  [1m[35m (0.1ms)[0m  [1m[36mbegin transaction[0m
  ↳ db/seeds.rb:52
  [1m[36mTicketZone Create (0.3ms)[0m  [1m[32mINSERT INTO "ticket_zones" ("zone", "created_at", "updated_at") VALUES (?, ?, ?)[0m  [["zone", "Pacifico"], ["created_at", "2019-04-11 17:05:36.035194"], ["updated_at", "2019-04-11 17:05:36.035194"]]
  ↳ db/seeds.rb:52
  [1m[35m (64.7ms)[0m  [1m[36mcommit transaction[0m
  ↳ db/seeds.rb:52
  [1m[35m (0.1ms)[0m  [1m[36mbegin transaction[0m
  ↳ db/seeds.rb:52
  [1m[36mTicketZone Create (0.2ms)[0m  [1m[32mINSERT INTO "ticket_zones" ("zone", "created_at", "updated_at") VALUES (?, ?, ?)[0m  [["zone", "Pacifico VIP"], ["created_at", "2019-04-11 17:05:36.101779"], ["updated_at", "2019-04-11 17:05:36.101779"]]
  ↳ db/seeds.rb:52
  [1m[35m (64.6ms)[0m  [1m[36mcommit transaction[0m
  ↳ db/seeds.rb:52
  [1m[35m (0.1ms)[0m  [1m[36mbegin transaction[0m
  ↳ db/seeds.rb:68
  [1m[36mTicketType Create (0.3ms)[0m  [1m[32mINSERT INTO "ticket_types" ("event_id", "price", "ticket_zone_id", "created_at", "updated_at") VALUES (?, ?, ?, ?, ?)[0m  [["event_id", 1], ["price", 20000], ["ticket_zone_id", 1], ["created_at", "2019-04-11 17:05:36.181552"], ["updated_at", "2019-04-11 17:05:36.181552"]]
  ↳ db/seeds.rb:68
  [1m[35m (73.5ms)[0m  [1m[36mcommit transaction[0m
  ↳ db/seeds.rb:68
  [1m[35m (0.1ms)[0m  [1m[36mbegin transaction[0m
  ↳ db/seeds.rb:68
  [1m[36mTicketType Create (0.3ms)[0m  [1m[32mINSERT INTO "ticket_types" ("event_id", "price", "ticket_zone_id", "created_at", "updated_at") VALUES (?, ?, ?, ?, ?)[0m  [["event_id", 1], ["price", 30000], ["ticket_zone_id", 2], ["created_at", "2019-04-11 17:05:36.257668"], ["updated_at", "2019-04-11 17:05:36.257668"]]
  ↳ db/seeds.rb:68
  [1m[35m (64.0ms)[0m  [1m[36mcommit transaction[0m
  ↳ db/seeds.rb:68
  [1m[35m (0.1ms)[0m  [1m[36mbegin transaction[0m
  ↳ db/seeds.rb:68
  [1m[36mTicketType Create (0.4ms)[0m  [1m[32mINSERT INTO "ticket_types" ("event_id", "price", "ticket_zone_id", "created_at", "updated_at") VALUES (?, ?, ?, ?, ?)[0m  [["event_id", 1], ["price", 40000], ["ticket_zone_id", 3], ["created_at", "2019-04-11 17:05:36.324137"], ["updated_at", "2019-04-11 17:05:36.324137"]]
  ↳ db/seeds.rb:68
  [1m[35m (64.0ms)[0m  [1m[36mcommit transaction[0m
  ↳ db/seeds.rb:68
  [1m[35m (0.1ms)[0m  [1m[36mbegin transaction[0m
  ↳ db/seeds.rb:68
  [1m[36mTicketType Create (0.3ms)[0m  [1m[32mINSERT INTO "ticket_types" ("event_id", "price", "ticket_zone_id", "created_at", "updated_at") VALUES (?, ?, ?, ?, ?)[0m  [["event_id", 2], ["price", 20000], ["ticket_zone_id", 1], ["created_at", "2019-04-11 17:05:36.390695"], ["updated_at", "2019-04-11 17:05:36.390695"]]
  ↳ db/seeds.rb:68
  [1m[35m (64.2ms)[0m  [1m[36mcommit transaction[0m
  ↳ db/seeds.rb:68
  [1m[35m (0.1ms)[0m  [1m[36mbegin transaction[0m
  ↳ db/seeds.rb:68
  [1m[36mTicketType Create (0.3ms)[0m  [1m[32mINSERT INTO "ticket_types" ("event_id", "price", "ticket_zone_id", "created_at", "updated_at") VALUES (?, ?, ?, ?, ?)[0m  [["event_id", 2], ["price", 30000], ["ticket_zone_id", 2], ["created_at", "2019-04-11 17:05:36.457262"], ["updated_at", "2019-04-11 17:05:36.457262"]]
  ↳ db/seeds.rb:68
  [1m[35m (64.2ms)[0m  [1m[36mcommit transaction[0m
  ↳ db/seeds.rb:68
  [1m[35m (0.1ms)[0m  [1m[36mbegin transaction[0m
  ↳ db/seeds.rb:68
  [1m[36mTicketType Create (0.3ms)[0m  [1m[32mINSERT INTO "ticket_types" ("event_id", "price", "ticket_zone_id", "created_at", "updated_at") VALUES (?, ?, ?, ?, ?)[0m  [["event_id", 2], ["price", 40000], ["ticket_zone_id", 3], ["created_at", "2019-04-11 17:05:36.525790"], ["updated_at", "2019-04-11 17:05:36.525790"]]
  ↳ db/seeds.rb:68
  [1m[35m (62.2ms)[0m  [1m[36mcommit transaction[0m
  ↳ db/seeds.rb:68
  [1m[35m (0.1ms)[0m  [1m[36mbegin transaction[0m
  ↳ db/seeds.rb:68
  [1m[36mTicketType Create (0.3ms)[0m  [1m[32mINSERT INTO "ticket_types" ("event_id", "price", "ticket_zone_id", "created_at", "updated_at") VALUES (?, ?, ?, ?, ?)[0m  [["event_id", 3], ["price", 20000], ["ticket_zone_id", 1], ["created_at", "2019-04-11 17:05:36.593706"], ["updated_at", "2019-04-11 17:05:36.593706"]]
  ↳ db/seeds.rb:68
  [1m[35m (60.9ms)[0m  [1m[36mcommit transaction[0m
  ↳ db/seeds.rb:68
  [1m[35m (0.7ms)[0m  [1m[36mbegin transaction[0m
  ↳ db/seeds.rb:68
  [1m[36mTicketType Create (0.3ms)[0m  [1m[32mINSERT INTO "ticket_types" ("event_id", "price", "ticket_zone_id", "created_at", "updated_at") VALUES (?, ?, ?, ?, ?)[0m  [["event_id", 3], ["price", 30000], ["ticket_zone_id", 2], ["created_at", "2019-04-11 17:05:36.671201"], ["updated_at", "2019-04-11 17:05:36.671201"]]
  ↳ db/seeds.rb:68
  [1m[35m (63.0ms)[0m  [1m[36mcommit transaction[0m
  ↳ db/seeds.rb:68
  [1m[35m (0.1ms)[0m  [1m[36mbegin transaction[0m
  ↳ db/seeds.rb:68
  [1m[36mTicketType Create (0.3ms)[0m  [1m[32mINSERT INTO "ticket_types" ("event_id", "price", "ticket_zone_id", "created_at", "updated_at") VALUES (?, ?, ?, ?, ?)[0m  [["event_id", 3], ["price", 40000], ["ticket_zone_id", 3], ["created_at", "2019-04-11 17:05:36.737675"], ["updated_at", "2019-04-11 17:05:36.737675"]]
  ↳ db/seeds.rb:68
  [1m[35m (61.4ms)[0m  [1m[36mcommit transaction[0m
  ↳ db/seeds.rb:68
  [1m[35m (0.1ms)[0m  [1m[36mbegin transaction[0m
  ↳ db/seeds.rb:74
  [1m[36mOrder Create (0.3ms)[0m  [1m[32mINSERT INTO "orders" ("user_id", "created_at", "updated_at") VALUES (?, ?, ?)[0m  [["user_id", 1], ["created_at", "2019-04-11 17:05:36.811867"], ["updated_at", "2019-04-11 17:05:36.811867"]]
  ↳ db/seeds.rb:74
  [1m[35m (64.0ms)[0m  [1m[36mcommit transaction[0m
  ↳ db/seeds.rb:74
  [1m[36mTicketType Load (0.3ms)[0m  [1m[34mSELECT "ticket_types".* FROM "ticket_types" WHERE "ticket_types"."event_id" = ?[0m  [["event_id", 1]]
  ↳ db/seeds.rb:76
  [1m[35m (0.1ms)[0m  [1m[36mbegin transaction[0m
  ↳ db/seeds.rb:78
  [1m[36mTicket Create (0.3ms)[0m  [1m[32mINSERT INTO "tickets" ("ticket_type_id", "order_id", "created_at", "updated_at") VALUES (?, ?, ?, ?)[0m  [["ticket_type_id", 2], ["order_id", 1], ["created_at", "2019-04-11 17:05:36.900116"], ["updated_at", "2019-04-11 17:05:36.900116"]]
  ↳ db/seeds.rb:78
  [1m[35m (74.9ms)[0m  [1m[36mcommit transaction[0m
  ↳ db/seeds.rb:78
  [1m[35m (0.1ms)[0m  [1m[36mbegin transaction[0m
  ↳ db/seeds.rb:74
  [1m[36mOrder Create (0.3ms)[0m  [1m[32mINSERT INTO "orders" ("user_id", "created_at", "updated_at") VALUES (?, ?, ?)[0m  [["user_id", 1], ["created_at", "2019-04-11 17:05:36.978862"], ["updated_at", "2019-04-11 17:05:36.978862"]]
  ↳ db/seeds.rb:74
  [1m[35m (75.3ms)[0m  [1m[36mcommit transaction[0m
  ↳ db/seeds.rb:74
  [1m[36mTicketType Load (0.1ms)[0m  [1m[34mSELECT "ticket_types".* FROM "ticket_types" WHERE "ticket_types"."event_id" = ?[0m  [["event_id", 2]]
  ↳ db/seeds.rb:76
  [1m[35m (0.1ms)[0m  [1m[36mbegin transaction[0m
  ↳ db/seeds.rb:78
  [1m[36mTicket Create (0.3ms)[0m  [1m[32mINSERT INTO "tickets" ("ticket_type_id", "order_id", "created_at", "updated_at") VALUES (?, ?, ?, ?)[0m  [["ticket_type_id", 5], ["order_id", 2], ["created_at", "2019-04-11 17:05:37.057542"], ["updated_at", "2019-04-11 17:05:37.057542"]]
  ↳ db/seeds.rb:78
  [1m[35m (76.5ms)[0m  [1m[36mcommit transaction[0m
  ↳ db/seeds.rb:78
  [1m[35m (0.1ms)[0m  [1m[36mbegin transaction[0m
  ↳ db/seeds.rb:74
  [1m[36mOrder Create (0.3ms)[0m  [1m[32mINSERT INTO "orders" ("user_id", "created_at", "updated_at") VALUES (?, ?, ?)[0m  [["user_id", 1], ["created_at", "2019-04-11 17:05:37.136344"], ["updated_at", "2019-04-11 17:05:37.136344"]]
  ↳ db/seeds.rb:74
  [1m[35m (75.5ms)[0m  [1m[36mcommit transaction[0m
  ↳ db/seeds.rb:74
  [1m[36mTicketType Load (0.1ms)[0m  [1m[34mSELECT "ticket_types".* FROM "ticket_types" WHERE "ticket_types"."event_id" = ?[0m  [["event_id", 3]]
  ↳ db/seeds.rb:76
  [1m[35m (0.1ms)[0m  [1m[36mbegin transaction[0m
  ↳ db/seeds.rb:78
  [1m[36mTicket Create (0.3ms)[0m  [1m[32mINSERT INTO "tickets" ("ticket_type_id", "order_id", "created_at", "updated_at") VALUES (?, ?, ?, ?)[0m  [["ticket_type_id", 7], ["order_id", 3], ["created_at", "2019-04-11 17:05:37.215135"], ["updated_at", "2019-04-11 17:05:37.215135"]]
  ↳ db/seeds.rb:78
  [1m[35m (61.0ms)[0m  [1m[36mcommit transaction[0m
  ↳ db/seeds.rb:78
  [1m[35m (0.1ms)[0m  [1m[36mbegin transaction[0m
  ↳ db/seeds.rb:74
  [1m[36mOrder Create (0.3ms)[0m  [1m[32mINSERT INTO "orders" ("user_id", "created_at", "updated_at") VALUES (?, ?, ?)[0m  [["user_id", 2], ["created_at", "2019-04-11 17:05:37.278475"], ["updated_at", "2019-04-11 17:05:37.278475"]]
  ↳ db/seeds.rb:74
  [1m[35m (64.2ms)[0m  [1m[36mcommit transaction[0m
  ↳ db/seeds.rb:74
  [1m[36mTicketType Load (0.1ms)[0m  [1m[34mSELECT "ticket_types".* FROM "ticket_types" WHERE "ticket_types"."event_id" = ?[0m  [["event_id", 1]]
  ↳ db/seeds.rb:76
  [1m[35m (0.1ms)[0m  [1m[36mbegin transaction[0m
  ↳ db/seeds.rb:78
  [1m[36mTicket Create (0.3ms)[0m  [1m[32mINSERT INTO "tickets" ("ticket_type_id", "order_id", "created_at", "updated_at") VALUES (?, ?, ?, ?)[0m  [["ticket_type_id", 3], ["order_id", 4], ["created_at", "2019-04-11 17:05:37.346001"], ["updated_at", "2019-04-11 17:05:37.346001"]]
  ↳ db/seeds.rb:78
  [1m[35m (110.6ms)[0m  [1m[36mcommit transaction[0m
  ↳ db/seeds.rb:78
  [1m[35m (0.1ms)[0m  [1m[36mbegin transaction[0m
  ↳ db/seeds.rb:74
  [1m[36mOrder Create (0.3ms)[0m  [1m[32mINSERT INTO "orders" ("user_id", "created_at", "updated_at") VALUES (?, ?, ?)[0m  [["user_id", 2], ["created_at", "2019-04-11 17:05:37.459410"], ["updated_at", "2019-04-11 17:05:37.459410"]]
  ↳ db/seeds.rb:74
  [1m[35m (60.9ms)[0m  [1m[36mcommit transaction[0m
  ↳ db/seeds.rb:74
  [1m[36mTicketType Load (0.1ms)[0m  [1m[34mSELECT "ticket_types".* FROM "ticket_types" WHERE "ticket_types"."event_id" = ?[0m  [["event_id", 2]]
  ↳ db/seeds.rb:76
  [1m[35m (0.1ms)[0m  [1m[36mbegin transaction[0m
  ↳ db/seeds.rb:78
  [1m[36mTicket Create (0.3ms)[0m  [1m[32mINSERT INTO "tickets" ("ticket_type_id", "order_id", "created_at", "updated_at") VALUES (?, ?, ?, ?)[0m  [["ticket_type_id", 4], ["order_id", 5], ["created_at", "2019-04-11 17:05:37.523585"], ["updated_at", "2019-04-11 17:05:37.523585"]]
  ↳ db/seeds.rb:78
  [1m[35m (63.3ms)[0m  [1m[36mcommit transaction[0m
  ↳ db/seeds.rb:78
  [1m[35m (0.1ms)[0m  [1m[36mbegin transaction[0m
  ↳ db/seeds.rb:74
  [1m[36mOrder Create (0.3ms)[0m  [1m[32mINSERT INTO "orders" ("user_id", "created_at", "updated_at") VALUES (?, ?, ?)[0m  [["user_id", 2], ["created_at", "2019-04-11 17:05:37.589142"], ["updated_at", "2019-04-11 17:05:37.589142"]]
  ↳ db/seeds.rb:74
  [1m[35m (66.9ms)[0m  [1m[36mcommit transaction[0m
  ↳ db/seeds.rb:74
  [1m[36mTicketType Load (0.1ms)[0m  [1m[34mSELECT "ticket_types".* FROM "ticket_types" WHERE "ticket_types"."event_id" = ?[0m  [["event_id", 3]]
  ↳ db/seeds.rb:76
  [1m[35m (0.1ms)[0m  [1m[36mbegin transaction[0m
  ↳ db/seeds.rb:78
  [1m[36mTicket Create (0.3ms)[0m  [1m[32mINSERT INTO "tickets" ("ticket_type_id", "order_id", "created_at", "updated_at") VALUES (?, ?, ?, ?)[0m  [["ticket_type_id", 9], ["order_id", 6], ["created_at", "2019-04-11 17:05:37.659300"], ["updated_at", "2019-04-11 17:05:37.659300"]]
  ↳ db/seeds.rb:78
  [1m[35m (71.9ms)[0m  [1m[36mcommit transaction[0m
  ↳ db/seeds.rb:78
  [1m[35m (0.1ms)[0m  [1m[36mbegin transaction[0m
  ↳ db/seeds.rb:74
  [1m[36mOrder Create (0.3ms)[0m  [1m[32mINSERT INTO "orders" ("user_id", "created_at", "updated_at") VALUES (?, ?, ?)[0m  [["user_id", 3], ["created_at", "2019-04-11 17:05:37.733512"], ["updated_at", "2019-04-11 17:05:37.733512"]]
  ↳ db/seeds.rb:74
  [1m[35m (62.7ms)[0m  [1m[36mcommit transaction[0m
  ↳ db/seeds.rb:74
  [1m[36mTicketType Load (0.1ms)[0m  [1m[34mSELECT "ticket_types".* FROM "ticket_types" WHERE "ticket_types"."event_id" = ?[0m  [["event_id", 1]]
  ↳ db/seeds.rb:76
  [1m[35m (0.1ms)[0m  [1m[36mbegin transaction[0m
  ↳ db/seeds.rb:78
  [1m[36mTicket Create (0.3ms)[0m  [1m[32mINSERT INTO "tickets" ("ticket_type_id", "order_id", "created_at", "updated_at") VALUES (?, ?, ?, ?)[0m  [["ticket_type_id", 3], ["order_id", 7], ["created_at", "2019-04-11 17:05:37.801343"], ["updated_at", "2019-04-11 17:05:37.801343"]]
  ↳ db/seeds.rb:78
  [1m[35m (62.1ms)[0m  [1m[36mcommit transaction[0m
  ↳ db/seeds.rb:78
  [1m[35m (0.1ms)[0m  [1m[36mbegin transaction[0m
  ↳ db/seeds.rb:74
  [1m[36mOrder Create (0.3ms)[0m  [1m[32mINSERT INTO "orders" ("user_id", "created_at", "updated_at") VALUES (?, ?, ?)[0m  [["user_id", 3], ["created_at", "2019-04-11 17:05:37.866594"], ["updated_at", "2019-04-11 17:05:37.866594"]]
  ↳ db/seeds.rb:74
  [1m[35m (66.0ms)[0m  [1m[36mcommit transaction[0m
  ↳ db/seeds.rb:74
  [1m[36mTicketType Load (0.2ms)[0m  [1m[34mSELECT "ticket_types".* FROM "ticket_types" WHERE "ticket_types"."event_id" = ?[0m  [["event_id", 2]]
  ↳ db/seeds.rb:76
  [1m[35m (0.1ms)[0m  [1m[36mbegin transaction[0m
  ↳ db/seeds.rb:78
  [1m[36mTicket Create (0.3ms)[0m  [1m[32mINSERT INTO "tickets" ("ticket_type_id", "order_id", "created_at", "updated_at") VALUES (?, ?, ?, ?)[0m  [["ticket_type_id", 4], ["order_id", 8], ["created_at", "2019-04-11 17:05:37.936357"], ["updated_at", "2019-04-11 17:05:37.936357"]]
  ↳ db/seeds.rb:78
  [1m[35m (61.1ms)[0m  [1m[36mcommit transaction[0m
  ↳ db/seeds.rb:78
  [1m[35m (0.1ms)[0m  [1m[36mbegin transaction[0m
  ↳ db/seeds.rb:74
  [1m[36mOrder Create (0.3ms)[0m  [1m[32mINSERT INTO "orders" ("user_id", "created_at", "updated_at") VALUES (?, ?, ?)[0m  [["user_id", 3], ["created_at", "2019-04-11 17:05:37.999788"], ["updated_at", "2019-04-11 17:05:37.999788"]]
  ↳ db/seeds.rb:74
  [1m[35m (66.0ms)[0m  [1m[36mcommit transaction[0m
  ↳ db/seeds.rb:74
  [1m[36mTicketType Load (0.1ms)[0m  [1m[34mSELECT "ticket_types".* FROM "ticket_types" WHERE "ticket_types"."event_id" = ?[0m  [["event_id", 3]]
  ↳ db/seeds.rb:76
  [1m[35m (0.1ms)[0m  [1m[36mbegin transaction[0m
  ↳ db/seeds.rb:78
  [1m[36mTicket Create (0.3ms)[0m  [1m[32mINSERT INTO "tickets" ("ticket_type_id", "order_id", "created_at", "updated_at") VALUES (?, ?, ?, ?)[0m  [["ticket_type_id", 8], ["order_id", 9], ["created_at", "2019-04-11 17:05:38.068938"], ["updated_at", "2019-04-11 17:05:38.068938"]]
  ↳ db/seeds.rb:78
  [1m[35m (62.8ms)[0m  [1m[36mcommit transaction[0m
  ↳ db/seeds.rb:78
  [1m[35m (0.1ms)[0m  [1m[36mbegin transaction[0m
  ↳ db/seeds.rb:74
  [1m[36mOrder Create (0.3ms)[0m  [1m[32mINSERT INTO "orders" ("user_id", "created_at", "updated_at") VALUES (?, ?, ?)[0m  [["user_id", 4], ["created_at", "2019-04-11 17:05:38.133925"], ["updated_at", "2019-04-11 17:05:38.133925"]]
  ↳ db/seeds.rb:74
  [1m[35m (63.3ms)[0m  [1m[36mcommit transaction[0m
  ↳ db/seeds.rb:74
  [1m[36mTicketType Load (0.2ms)[0m  [1m[34mSELECT "ticket_types".* FROM "ticket_types" WHERE "ticket_types"."event_id" = ?[0m  [["event_id", 1]]
  ↳ db/seeds.rb:76
  [1m[35m (0.1ms)[0m  [1m[36mbegin transaction[0m
  ↳ db/seeds.rb:78
  [1m[36mTicket Create (0.3ms)[0m  [1m[32mINSERT INTO "tickets" ("ticket_type_id", "order_id", "created_at", "updated_at") VALUES (?, ?, ?, ?)[0m  [["ticket_type_id", 2], ["order_id", 10], ["created_at", "2019-04-11 17:05:38.200368"], ["updated_at", "2019-04-11 17:05:38.200368"]]
  ↳ db/seeds.rb:78
  [1m[35m (65.0ms)[0m  [1m[36mcommit transaction[0m
  ↳ db/seeds.rb:78
  [1m[35m (0.1ms)[0m  [1m[36mbegin transaction[0m
  ↳ db/seeds.rb:74
  [1m[36mOrder Create (0.3ms)[0m  [1m[32mINSERT INTO "orders" ("user_id", "created_at", "updated_at") VALUES (?, ?, ?)[0m  [["user_id", 4], ["created_at", "2019-04-11 17:05:38.267646"], ["updated_at", "2019-04-11 17:05:38.267646"]]
  ↳ db/seeds.rb:74
  [1m[35m (64.1ms)[0m  [1m[36mcommit transaction[0m
  ↳ db/seeds.rb:74
  [1m[36mTicketType Load (0.2ms)[0m  [1m[34mSELECT "ticket_types".* FROM "ticket_types" WHERE "ticket_types"."event_id" = ?[0m  [["event_id", 2]]
  ↳ db/seeds.rb:76
  [1m[35m (0.1ms)[0m  [1m[36mbegin transaction[0m
  ↳ db/seeds.rb:78
  [1m[36mTicket Create (0.3ms)[0m  [1m[32mINSERT INTO "tickets" ("ticket_type_id", "order_id", "created_at", "updated_at") VALUES (?, ?, ?, ?)[0m  [["ticket_type_id", 4], ["order_id", 11], ["created_at", "2019-04-11 17:05:38.335554"], ["updated_at", "2019-04-11 17:05:38.335554"]]
  ↳ db/seeds.rb:78
  [1m[35m (61.4ms)[0m  [1m[36mcommit transaction[0m
  ↳ db/seeds.rb:78
  [1m[35m (0.1ms)[0m  [1m[36mbegin transaction[0m
  ↳ db/seeds.rb:74
  [1m[36mOrder Create (0.3ms)[0m  [1m[32mINSERT INTO "orders" ("user_id", "created_at", "updated_at") VALUES (?, ?, ?)[0m  [["user_id", 4], ["created_at", "2019-04-11 17:05:38.399277"], ["updated_at", "2019-04-11 17:05:38.399277"]]
  ↳ db/seeds.rb:74
  [1m[35m (64.2ms)[0m  [1m[36mcommit transaction[0m
  ↳ db/seeds.rb:74
  [1m[36mTicketType Load (0.2ms)[0m  [1m[34mSELECT "ticket_types".* FROM "ticket_types" WHERE "ticket_types"."event_id" = ?[0m  [["event_id", 3]]
  ↳ db/seeds.rb:76
  [1m[35m (0.1ms)[0m  [1m[36mbegin transaction[0m
  ↳ db/seeds.rb:78
  [1m[36mTicket Create (0.3ms)[0m  [1m[32mINSERT INTO "tickets" ("ticket_type_id", "order_id", "created_at", "updated_at") VALUES (?, ?, ?, ?)[0m  [["ticket_type_id", 7], ["order_id", 12], ["created_at", "2019-04-11 17:05:38.466936"], ["updated_at", "2019-04-11 17:05:38.466936"]]
  ↳ db/seeds.rb:78
  [1m[35m (66.2ms)[0m  [1m[36mcommit transaction[0m
  ↳ db/seeds.rb:78
  [1m[35m (0.1ms)[0m  [1m[36mbegin transaction[0m
  ↳ db/seeds.rb:74
  [1m[36mOrder Create (0.3ms)[0m  [1m[32mINSERT INTO "orders" ("user_id", "created_at", "updated_at") VALUES (?, ?, ?)[0m  [["user_id", 5], ["created_at", "2019-04-11 17:05:38.535644"], ["updated_at", "2019-04-11 17:05:38.535644"]]
  ↳ db/seeds.rb:74
  [1m[35m (60.9ms)[0m  [1m[36mcommit transaction[0m
  ↳ db/seeds.rb:74
  [1m[36mTicketType Load (0.2ms)[0m  [1m[34mSELECT "ticket_types".* FROM "ticket_types" WHERE "ticket_types"."event_id" = ?[0m  [["event_id", 1]]
  ↳ db/seeds.rb:76
  [1m[35m (0.1ms)[0m  [1m[36mbegin transaction[0m
  ↳ db/seeds.rb:78
  [1m[36mTicket Create (0.3ms)[0m  [1m[32mINSERT INTO "tickets" ("ticket_type_id", "order_id", "created_at", "updated_at") VALUES (?, ?, ?, ?)[0m  [["ticket_type_id", 3], ["order_id", 13], ["created_at", "2019-04-11 17:05:38.600020"], ["updated_at", "2019-04-11 17:05:38.600020"]]
  ↳ db/seeds.rb:78
  [1m[35m (63.3ms)[0m  [1m[36mcommit transaction[0m
  ↳ db/seeds.rb:78
  [1m[35m (0.1ms)[0m  [1m[36mbegin transaction[0m
  ↳ db/seeds.rb:74
  [1m[36mOrder Create (0.3ms)[0m  [1m[32mINSERT INTO "orders" ("user_id", "created_at", "updated_at") VALUES (?, ?, ?)[0m  [["user_id", 5], ["created_at", "2019-04-11 17:05:38.665680"], ["updated_at", "2019-04-11 17:05:38.665680"]]
  ↳ db/seeds.rb:74
  [1m[35m (71.0ms)[0m  [1m[36mcommit transaction[0m
  ↳ db/seeds.rb:74
  [1m[36mTicketType Load (0.2ms)[0m  [1m[34mSELECT "ticket_types".* FROM "ticket_types" WHERE "ticket_types"."event_id" = ?[0m  [["event_id", 2]]
  ↳ db/seeds.rb:76
  [1m[35m (0.1ms)[0m  [1m[36mbegin transaction[0m
  ↳ db/seeds.rb:78
  [1m[36mTicket Create (0.4ms)[0m  [1m[32mINSERT INTO "tickets" ("ticket_type_id", "order_id", "created_at", "updated_at") VALUES (?, ?, ?, ?)[0m  [["ticket_type_id", 4], ["order_id", 14], ["created_at", "2019-04-11 17:05:38.741494"], ["updated_at", "2019-04-11 17:05:38.741494"]]
  ↳ db/seeds.rb:78
  [1m[35m (54.6ms)[0m  [1m[36mcommit transaction[0m
  ↳ db/seeds.rb:78
  [1m[35m (0.1ms)[0m  [1m[36mbegin transaction[0m
  ↳ db/seeds.rb:74
  [1m[36mOrder Create (0.3ms)[0m  [1m[32mINSERT INTO "orders" ("user_id", "created_at", "updated_at") VALUES (?, ?, ?)[0m  [["user_id", 5], ["created_at", "2019-04-11 17:05:38.798761"], ["updated_at", "2019-04-11 17:05:38.798761"]]
  ↳ db/seeds.rb:74
  [1m[35m (64.2ms)[0m  [1m[36mcommit transaction[0m
  ↳ db/seeds.rb:74
  [1m[36mTicketType Load (0.1ms)[0m  [1m[34mSELECT "ticket_types".* FROM "ticket_types" WHERE "ticket_types"."event_id" = ?[0m  [["event_id", 3]]
  ↳ db/seeds.rb:76
  [1m[35m (0.1ms)[0m  [1m[36mbegin transaction[0m
  ↳ db/seeds.rb:78
  [1m[36mTicket Create (0.3ms)[0m  [1m[32mINSERT INTO "tickets" ("ticket_type_id", "order_id", "created_at", "updated_at") VALUES (?, ?, ?, ?)[0m  [["ticket_type_id", 8], ["order_id", 15], ["created_at", "2019-04-11 17:05:38.866313"], ["updated_at", "2019-04-11 17:05:38.866313"]]
  ↳ db/seeds.rb:78
  [1m[35m (77.0ms)[0m  [1m[36mcommit transaction[0m
  ↳ db/seeds.rb:78
Started GET "/users/user_with_most_tickets" for 127.0.0.1 at 2019-04-11 13:36:20 -0400
  [1m[35m (0.2ms)[0m  [1m[34mSELECT "schema_migrations"."version" FROM "schema_migrations" ORDER BY "schema_migrations"."version" ASC[0m
  ↳ /home/martin/.rvm/gems/ruby-2.5.1/gems/activerecord-5.2.3/lib/active_record/log_subscriber.rb:98
Processing by UsersController#user_with_most_tickets as HTML
Completed 500 Internal Server Error in 28ms (ActiveRecord: 0.0ms)


  
NoMethodError (undefined method `tickets' for #<Class:0x00007fa5b8995b50>):
  
app/controllers/users_controller.rb:35:in `user_with_most_tickets'
Started GET "/ticket_types" for 127.0.0.1 at 2019-04-11 13:36:37 -0400
Processing by TicketTypesController#index as HTML
  [1m[36mTicketType Load (0.4ms)[0m  [1m[34mSELECT "ticket_types".* FROM "ticket_types"[0m
  ↳ app/controllers/ticket_types_controller.rb:3
Completed 200 OK in 26ms (Views: 18.1ms | ActiveRecord: 1.6ms)


Started GET "/ticket_types/1" for 127.0.0.1 at 2019-04-11 13:36:49 -0400
Processing by TicketTypesController#show as HTML
  Parameters: {"id"=>"1"}
  [1m[36mTicketType Load (0.4ms)[0m  [1m[34mSELECT  "ticket_types".* FROM "ticket_types" WHERE "ticket_types"."id" = ? LIMIT ?[0m  [["id", 1], ["LIMIT", 1]]
  ↳ app/controllers/ticket_types_controller.rb:31
Completed 200 OK in 12ms (Views: 0.7ms | ActiveRecord: 0.4ms)


Started GET "/ticket_types/1/tickets" for 127.0.0.1 at 2019-04-11 13:36:55 -0400
  
AbstractController::ActionNotFound (The action 'index' could not be found for TicketsController):
  
actionpack (5.2.3) lib/abstract_controller/base.rb:129:in `process'
actionview (5.2.3) lib/action_view/rendering.rb:32:in `process'
actionpack (5.2.3) lib/action_controller/metal.rb:191:in `dispatch'
actionpack (5.2.3) lib/action_controller/metal.rb:252:in `dispatch'
actionpack (5.2.3) lib/action_dispatch/routing/route_set.rb:52:in `dispatch'
actionpack (5.2.3) lib/action_dispatch/routing/route_set.rb:34:in `serve'
actionpack (5.2.3) lib/action_dispatch/journey/router.rb:52:in `block in serve'
actionpack (5.2.3) lib/action_dispatch/journey/router.rb:35:in `each'
actionpack (5.2.3) lib/action_dispatch/journey/router.rb:35:in `serve'
actionpack (5.2.3) lib/action_dispatch/routing/route_set.rb:840:in `call'
rack (2.0.6) lib/rack/tempfile_reaper.rb:15:in `call'
rack (2.0.6) lib/rack/etag.rb:25:in `call'
rack (2.0.6) lib/rack/conditional_get.rb:25:in `call'
rack (2.0.6) lib/rack/head.rb:12:in `call'
actionpack (5.2.3) lib/action_dispatch/http/content_security_policy.rb:18:in `call'
rack (2.0.6) lib/rack/session/abstract/id.rb:232:in `context'
rack (2.0.6) lib/rack/session/abstract/id.rb:226:in `call'
actionpack (5.2.3) lib/action_dispatch/middleware/cookies.rb:670:in `call'
activerecord (5.2.3) lib/active_record/migration.rb:559:in `call'
actionpack (5.2.3) lib/action_dispatch/middleware/callbacks.rb:28:in `block in call'
activesupport (5.2.3) lib/active_support/callbacks.rb:98:in `run_callbacks'
actionpack (5.2.3) lib/action_dispatch/middleware/callbacks.rb:26:in `call'
actionpack (5.2.3) lib/action_dispatch/middleware/executor.rb:14:in `call'
actionpack (5.2.3) lib/action_dispatch/middleware/debug_exceptions.rb:61:in `call'
web-console (3.7.0) lib/web_console/middleware.rb:135:in `call_app'
web-console (3.7.0) lib/web_console/middleware.rb:30:in `block in call'
web-console (3.7.0) lib/web_console/middleware.rb:20:in `catch'
web-console (3.7.0) lib/web_console/middleware.rb:20:in `call'
actionpack (5.2.3) lib/action_dispatch/middleware/show_exceptions.rb:33:in `call'
railties (5.2.3) lib/rails/rack/logger.rb:38:in `call_app'
railties (5.2.3) lib/rails/rack/logger.rb:26:in `block in call'
activesupport (5.2.3) lib/active_support/tagged_logging.rb:71:in `block in tagged'
activesupport (5.2.3) lib/active_support/tagged_logging.rb:28:in `tagged'
activesupport (5.2.3) lib/active_support/tagged_logging.rb:71:in `tagged'
railties (5.2.3) lib/rails/rack/logger.rb:26:in `call'
sprockets-rails (3.2.1) lib/sprockets/rails/quiet_assets.rb:13:in `call'
actionpack (5.2.3) lib/action_dispatch/middleware/remote_ip.rb:81:in `call'
actionpack (5.2.3) lib/action_dispatch/middleware/request_id.rb:27:in `call'
rack (2.0.6) lib/rack/method_override.rb:22:in `call'
rack (2.0.6) lib/rack/runtime.rb:22:in `call'
activesupport (5.2.3) lib/active_support/cache/strategy/local_cache_middleware.rb:29:in `call'
actionpack (5.2.3) lib/action_dispatch/middleware/executor.rb:14:in `call'
actionpack (5.2.3) lib/action_dispatch/middleware/static.rb:127:in `call'
rack (2.0.6) lib/rack/sendfile.rb:111:in `call'
railties (5.2.3) lib/rails/engine.rb:524:in `call'
puma (3.12.1) lib/puma/configuration.rb:227:in `call'
puma (3.12.1) lib/puma/server.rb:660:in `handle_request'
puma (3.12.1) lib/puma/server.rb:474:in `process_client'
puma (3.12.1) lib/puma/server.rb:334:in `block in run'
puma (3.12.1) lib/puma/thread_pool.rb:135:in `block in spawn_thread'
Started GET "/ticket_types/1/tickets" for 127.0.0.1 at 2019-04-11 13:39:25 -0400
Processing by TicketsController#index as HTML
  Parameters: {"ticket_type_id"=>"1"}
  [1m[36mTicket Load (0.3ms)[0m  [1m[34mSELECT "tickets".* FROM "tickets"[0m
  ↳ app/controllers/tickets_controller.rb:3
Completed 200 OK in 17ms (Views: 12.2ms | ActiveRecord: 1.3ms)


Started GET "/ticket_types" for 127.0.0.1 at 2019-04-11 13:42:41 -0400
Processing by TicketTypesController#index as HTML
  [1m[36mTicketType Load (0.2ms)[0m  [1m[34mSELECT  "ticket_types".* FROM "ticket_types" WHERE "ticket_types"."id" = ? LIMIT ?[0m  [["id", nil], ["LIMIT", 1]]
  ↳ app/controllers/ticket_types_controller.rb:3
Completed 404 Not Found in 10ms (ActiveRecord: 1.4ms)


  
ActiveRecord::RecordNotFound (Couldn't find TicketType with 'id'=all):
  
app/controllers/ticket_types_controller.rb:3:in `index'
Started GET "/ticket_types" for 127.0.0.1 at 2019-04-11 13:50:10 -0400
Processing by TicketTypesController#index as HTML
  [1m[36mTicketType Load (0.2ms)[0m  [1m[34mSELECT  "ticket_types".* FROM "ticket_types" WHERE "ticket_types"."id" = ? LIMIT ?[0m  [["id", nil], ["LIMIT", 1]]
  ↳ app/controllers/ticket_types_controller.rb:3
Completed 404 Not Found in 8ms (ActiveRecord: 1.2ms)


  
ActiveRecord::RecordNotFound (Couldn't find TicketType with 'id'=all):
  
app/controllers/ticket_types_controller.rb:3:in `index'
Started GET "/ticket_types" for 127.0.0.1 at 2019-04-11 13:50:27 -0400
Processing by TicketTypesController#index as HTML
  [1m[36mTicketType Load (0.3ms)[0m  [1m[34mSELECT "ticket_types".* FROM "ticket_types"[0m
  ↳ app/controllers/ticket_types_controller.rb:3
Completed 200 OK in 19ms (Views: 12.8ms | ActiveRecord: 1.6ms)


Started GET "/ticket_types/1" for 127.0.0.1 at 2019-04-11 13:50:31 -0400
Processing by TicketTypesController#show as HTML
  Parameters: {"id"=>"1"}
  [1m[36mTicketType Load (0.2ms)[0m  [1m[34mSELECT  "ticket_types".* FROM "ticket_types" WHERE "ticket_types"."id" = ? LIMIT ?[0m  [["id", 1], ["LIMIT", 1]]
  ↳ app/controllers/ticket_types_controller.rb:31
Completed 200 OK in 3ms (Views: 0.7ms | ActiveRecord: 0.2ms)


Started GET "/ticket_types/1/tickets" for 127.0.0.1 at 2019-04-11 13:50:35 -0400
  
SyntaxError (/home/martin/Desktop/lab-assignment-5-mfdiaz-lab5/app/controllers/tickets_controller.rb:4: syntax error, unexpected tLABEL, expecting keyword_end
... Ticket.find_by ticket_type_id: @ticket_type
...                ^~~~~~~~~~~~~~~
/home/martin/Desktop/lab-assignment-5-mfdiaz-lab5/app/controllers/tickets_controller.rb:36: syntax error, unexpected end-of-input, expecting keyword_end):
  
app/controllers/tickets_controller.rb:4: syntax error, unexpected tLABEL, expecting keyword_end
app/controllers/tickets_controller.rb:36: syntax error, unexpected end-of-input, expecting keyword_end
Started GET "/ticket_types/1/tickets" for 127.0.0.1 at 2019-04-11 13:51:28 -0400
  
SyntaxError (/home/martin/Desktop/lab-assignment-5-mfdiaz-lab5/app/controllers/tickets_controller.rb:4: syntax error, unexpected tLABEL, expecting keyword_end
... Ticket.find_by ticket_type_id: @ticket_type
...                ^~~~~~~~~~~~~~~):
  
app/controllers/tickets_controller.rb:4: syntax error, unexpected tLABEL, expecting keyword_end
Started GET "/ticket_types/1/tickets" for 127.0.0.1 at 2019-04-11 13:52:01 -0400
  
SyntaxError (/home/martin/Desktop/lab-assignment-5-mfdiaz-lab5/app/controllers/tickets_controller.rb:4: syntax error, unexpected tLABEL, expecting keyword_end
... Ticket.find_by ticket_type_id: @ticket_type
...                ^~~~~~~~~~~~~~~
/home/martin/Desktop/lab-assignment-5-mfdiaz-lab5/app/controllers/tickets_controller.rb:38: syntax error, unexpected keyword_end, expecting end-of-input):
  
app/controllers/tickets_controller.rb:4: syntax error, unexpected tLABEL, expecting keyword_end
app/controllers/tickets_controller.rb:38: syntax error, unexpected keyword_end, expecting end-of-input
Started GET "/ticket_types/1/tickets" for 127.0.0.1 at 2019-04-11 13:54:04 -0400
  
SyntaxError (/home/martin/Desktop/lab-assignment-5-mfdiaz-lab5/app/controllers/tickets_controller.rb:4: syntax error, unexpected tLABEL, expecting keyword_end
... Ticket.find_by ticket_type_id: @ticket_type
...                ^~~~~~~~~~~~~~~):
  
app/controllers/tickets_controller.rb:4: syntax error, unexpected tLABEL, expecting keyword_end
Started GET "/ticket_types/1/tickets" for 127.0.0.1 at 2019-04-11 13:55:33 -0400
Processing by TicketsController#index as HTML
  Parameters: {"ticket_type_id"=>"1"}
  [1m[36mTicket Load (0.3ms)[0m  [1m[34mSELECT "tickets".* FROM "tickets"[0m
  ↳ app/controllers/tickets_controller.rb:6
Completed 200 OK in 15ms (Views: 10.6ms | ActiveRecord: 1.1ms)


Started GET "/ticket_types/1/tickets" for 127.0.0.1 at 2019-04-11 14:18:18 -0400
Processing by TicketsController#index as HTML
  Parameters: {"ticket_type_id"=>"1"}
  [1m[36mTicket Load (0.4ms)[0m  [1m[34mSELECT "tickets".* FROM "tickets" WHERE "tickets"."ticket_type_id" = ?[0m  [["ticket_type_id", nil]]
  ↳ app/controllers/tickets_controller.rb:4
Completed 200 OK in 8ms (Views: 1.7ms | ActiveRecord: 1.0ms)


Started GET "/ticket_types/2/tickets" for 127.0.0.1 at 2019-04-11 14:18:40 -0400
Processing by TicketsController#index as HTML
  Parameters: {"ticket_type_id"=>"2"}
  [1m[36mTicket Load (0.1ms)[0m  [1m[34mSELECT "tickets".* FROM "tickets" WHERE "tickets"."ticket_type_id" = ?[0m  [["ticket_type_id", nil]]
  ↳ app/controllers/tickets_controller.rb:4
Completed 200 OK in 2ms (Views: 0.9ms | ActiveRecord: 0.1ms)


Started GET "/ticket_types/2/tickets" for 127.0.0.1 at 2019-04-11 14:18:58 -0400
Processing by TicketsController#index as HTML
  Parameters: {"ticket_type_id"=>"2"}
  [1m[36mTicket Load (0.2ms)[0m  [1m[34mSELECT "tickets".* FROM "tickets" WHERE "tickets"."ticket_type_id" = ?[0m  [["ticket_type_id", nil]]
  ↳ app/controllers/tickets_controller.rb:4
Completed 200 OK in 9ms (Views: 1.1ms | ActiveRecord: 0.6ms)


Started GET "/ticket_types/2/tickets" for 127.0.0.1 at 2019-04-11 14:20:01 -0400
Processing by TicketsController#index as HTML
  Parameters: {"ticket_type_id"=>"2"}
  [1m[36mTicketType Load (0.2ms)[0m  [1m[34mSELECT  "ticket_types".* FROM "ticket_types" WHERE "ticket_types"."id" = ? LIMIT ?[0m  [["id", nil], ["LIMIT", 1]]
  ↳ app/controllers/tickets_controller.rb:4
Completed 404 Not Found in 8ms (ActiveRecord: 1.1ms)


  
ActiveRecord::RecordNotFound (Couldn't find TicketType with 'id'=ticket_type_id):
  
app/controllers/tickets_controller.rb:4:in `index'
Started GET "/ticket_types/2/tickets" for 127.0.0.1 at 2019-04-11 14:20:33 -0400
Processing by TicketsController#index as HTML
  Parameters: {"ticket_type_id"=>"2"}
  [1m[36mTicketType Load (0.2ms)[0m  [1m[34mSELECT  "ticket_types".* FROM "ticket_types" WHERE "ticket_types"."id" = ? LIMIT ?[0m  [["id", 2], ["LIMIT", 1]]
  ↳ app/controllers/tickets_controller.rb:4
  [1m[36mTicket Load (0.3ms)[0m  [1m[34mSELECT "tickets".* FROM "tickets" WHERE "tickets"."ticket_type_id" = ?[0m  [["ticket_type_id", 2]]
  ↳ app/controllers/tickets_controller.rb:4
Completed 200 OK in 72ms (Views: 14.8ms | ActiveRecord: 2.5ms)


Started GET "/ticket_types/1/tickets" for 127.0.0.1 at 2019-04-11 14:20:38 -0400
Processing by TicketsController#index as HTML
  Parameters: {"ticket_type_id"=>"1"}
  [1m[36mTicketType Load (0.2ms)[0m  [1m[34mSELECT  "ticket_types".* FROM "ticket_types" WHERE "ticket_types"."id" = ? LIMIT ?[0m  [["id", 1], ["LIMIT", 1]]
  ↳ app/controllers/tickets_controller.rb:4
  [1m[36mTicket Load (0.1ms)[0m  [1m[34mSELECT "tickets".* FROM "tickets" WHERE "tickets"."ticket_type_id" = ?[0m  [["ticket_type_id", 1]]
  ↳ app/controllers/tickets_controller.rb:4
Completed 200 OK in 3ms (Views: 1.0ms | ActiveRecord: 0.3ms)


Started GET "/ticket_types/2/tickets" for 127.0.0.1 at 2019-04-11 14:20:45 -0400
Processing by TicketsController#index as HTML
  Parameters: {"ticket_type_id"=>"2"}
  [1m[36mTicketType Load (0.2ms)[0m  [1m[34mSELECT  "ticket_types".* FROM "ticket_types" WHERE "ticket_types"."id" = ? LIMIT ?[0m  [["id", 2], ["LIMIT", 1]]
  ↳ app/controllers/tickets_controller.rb:4
  [1m[36mTicket Load (0.1ms)[0m  [1m[34mSELECT "tickets".* FROM "tickets" WHERE "tickets"."ticket_type_id" = ?[0m  [["ticket_type_id", 2]]
  ↳ app/controllers/tickets_controller.rb:4
Completed 200 OK in 3ms (Views: 1.7ms | ActiveRecord: 0.3ms)


Started GET "/ticket_types/3/tickets" for 127.0.0.1 at 2019-04-11 14:20:50 -0400
Processing by TicketsController#index as HTML
  Parameters: {"ticket_type_id"=>"3"}
  [1m[36mTicketType Load (0.2ms)[0m  [1m[34mSELECT  "ticket_types".* FROM "ticket_types" WHERE "ticket_types"."id" = ? LIMIT ?[0m  [["id", 3], ["LIMIT", 1]]
  ↳ app/controllers/tickets_controller.rb:4
  [1m[36mTicket Load (0.1ms)[0m  [1m[34mSELECT "tickets".* FROM "tickets" WHERE "tickets"."ticket_type_id" = ?[0m  [["ticket_type_id", 3]]
  ↳ app/controllers/tickets_controller.rb:4
Completed 200 OK in 4ms (Views: 2.4ms | ActiveRecord: 0.3ms)


Started GET "/tickets" for 127.0.0.1 at 2019-04-11 14:20:58 -0400
Processing by TicketsController#index as HTML
  [1m[36mTicket Load (0.3ms)[0m  [1m[34mSELECT "tickets".* FROM "tickets"[0m
  ↳ app/controllers/tickets_controller.rb:6
Completed 200 OK in 4ms (Views: 3.7ms | ActiveRecord: 0.3ms)


Started GET "/users/user_with_most_tickets" for 127.0.0.1 at 2019-04-11 15:00:16 -0400
Processing by UsersController#user_with_most_tickets as HTML
Completed 500 Internal Server Error in 34ms (ActiveRecord: 0.0ms)


  
ActiveRecord::ConfigurationError (Can't join 'User' to association named 'tickets'; perhaps you misspelled it?):
  
app/controllers/users_controller.rb:35:in `user_with_most_tickets'
Started GET "/users/user_with_most_tickets" for 127.0.0.1 at 2019-04-11 15:00:58 -0400
Processing by UsersController#user_with_most_tickets as HTML
Completed 500 Internal Server Error in 7ms (ActiveRecord: 0.0ms)


  
ActiveRecord::ConfigurationError (Can't join 'User' to association named 'tickets'; perhaps you misspelled it?):
  
app/controllers/users_controller.rb:35:in `user_with_most_tickets'
Started GET "/users/user_with_most_tickets" for 127.0.0.1 at 2019-04-11 15:01:33 -0400
Processing by UsersController#user_with_most_tickets as HTML
Completed 500 Internal Server Error in 4ms (ActiveRecord: 0.0ms)


  
ActiveRecord::ConfigurationError (Can't join 'Order' to association named 'users'; perhaps you misspelled it?):
  
app/controllers/users_controller.rb:35:in `user_with_most_tickets'
Started GET "/users/user_with_most_tickets" for 127.0.0.1 at 2019-04-11 15:05:31 -0400
Processing by UsersController#user_with_most_tickets as HTML
  [1m[36mUser Load (0.5ms)[0m  [1m[34mSELECT "users".* FROM "users" INNER JOIN "orders" ON "orders"."user_id" = "users"."id" INNER JOIN "tickets" ON "tickets"."order_id" = "orders"."id"[0m
  ↳ app/controllers/users_controller.rb:35
Completed 200 OK in 30ms (Views: 24.7ms | ActiveRecord: 2.2ms)


Started GET "/users/user_with_most_tickets" for 127.0.0.1 at 2019-04-11 15:07:43 -0400
Processing by UsersController#user_with_most_tickets as HTML
Completed 500 Internal Server Error in 200ms (ActiveRecord: 0.0ms)


  
NameError (undefined local variable or method `users' for #<UsersController:0x00007fa5b89be398>
Did you mean?  users_url):
  
app/controllers/users_controller.rb:35:in `user_with_most_tickets'
Started GET "/users/user_with_most_tickets" for 127.0.0.1 at 2019-04-11 15:08:14 -0400
Processing by UsersController#user_with_most_tickets as HTML
  [1m[36mUser Load (0.3ms)[0m  [1m[34mSELECT "users".* FROM "users" INNER JOIN "orders" ON "orders"."user_id" = "users"."id" INNER JOIN "tickets" ON "tickets"."order_id" = "orders"."id" GROUP BY "user_id"[0m
  ↳ app/controllers/users_controller.rb:35
Completed 200 OK in 37ms (Views: 30.5ms | ActiveRecord: 1.7ms)


Started GET "/users/user_with_most_tickets" for 127.0.0.1 at 2019-04-11 15:08:49 -0400
Processing by UsersController#user_with_most_tickets as HTML
Completed 500 Internal Server Error in 211ms (ActiveRecord: 0.0ms)


  
NameError (undefined local variable or method `ticket_id' for #<UsersController:0x00007fa5ac0de798>
Did you mean?  ticket_url):
  
app/controllers/users_controller.rb:35:in `user_with_most_tickets'
Started GET "/users/user_with_most_tickets" for 127.0.0.1 at 2019-04-11 15:10:32 -0400
Processing by UsersController#user_with_most_tickets as HTML
  [1m[35m (0.2ms)[0m  [1m[34mSELECT COUNT(*) AS count_all, "user_id" AS user_id FROM "users" INNER JOIN "orders" ON "orders"."user_id" = "users"."id" INNER JOIN "tickets" ON "tickets"."order_id" = "orders"."id" GROUP BY "user_id"[0m
  ↳ app/controllers/users_controller.rb:35
Completed 200 OK in 16ms (Views: 0.3ms | ActiveRecord: 1.7ms)


Started GET "/users/user_with_most_tickets" for 127.0.0.1 at 2019-04-11 15:14:55 -0400
Processing by UsersController#user_with_most_tickets as HTML
  [1m[35m (0.3ms)[0m  [1m[34mSELECT COUNT(*) AS count_all, "user_id" AS user_id FROM "users" INNER JOIN "orders" ON "orders"."user_id" = "users"."id" INNER JOIN "tickets" ON "tickets"."order_id" = "orders"."id" GROUP BY "user_id"[0m
  ↳ app/controllers/users_controller.rb:35
Completed 500 Internal Server Error in 19ms (ActiveRecord: 2.0ms)


  
NoMethodError (undefined method `order' for {1=>3, 2=>3, 3=>3, 4=>3, 5=>3}:Hash):
  
app/controllers/users_controller.rb:36:in `user_with_most_tickets'
Started GET "/users/user_with_most_tickets" for 127.0.0.1 at 2019-04-11 15:18:10 -0400
Processing by UsersController#user_with_most_tickets as HTML
  [1m[35m (1.1ms)[0m  [1m[34mSELECT COUNT(*) AS count_all, "user_id" AS user_id FROM "users" INNER JOIN "orders" ON "orders"."user_id" = "users"."id" INNER JOIN "tickets" ON "tickets"."order_id" = "orders"."id" GROUP BY "user_id" ORDER BY count_id desc[0m
  ↳ app/controllers/users_controller.rb:35
Completed 500 Internal Server Error in 17ms (ActiveRecord: 3.0ms)


  
ActiveRecord::StatementInvalid (SQLite3::SQLException: no such column: count_id: SELECT COUNT(*) AS count_all, "user_id" AS user_id FROM "users" INNER JOIN "orders" ON "orders"."user_id" = "users"."id" INNER JOIN "tickets" ON "tickets"."order_id" = "orders"."id" GROUP BY "user_id" ORDER BY count_id desc):
  
app/controllers/users_controller.rb:35:in `user_with_most_tickets'
Started GET "/users/user_with_most_tickets" for 127.0.0.1 at 2019-04-11 15:18:54 -0400
Processing by UsersController#user_with_most_tickets as HTML
  [1m[35m (0.3ms)[0m  [1m[34mSELECT COUNT(*) AS count_all, "user_id" AS user_id FROM "users" INNER JOIN "orders" ON "orders"."user_id" = "users"."id" INNER JOIN "tickets" ON "tickets"."order_id" = "orders"."id" GROUP BY "user_id" ORDER BY count_all desc[0m
  ↳ app/controllers/users_controller.rb:35
Completed 500 Internal Server Error in 18ms (ActiveRecord: 2.0ms)


  
NoMethodError (undefined method `user_id' for [1, 3]:Array):
  
app/controllers/users_controller.rb:36:in `user_with_most_tickets'
Started GET "/users/user_with_most_tickets" for 127.0.0.1 at 2019-04-11 15:19:27 -0400
Processing by UsersController#user_with_most_tickets as HTML
  [1m[35m (0.2ms)[0m  [1m[34mSELECT COUNT(*) AS count_all, "user_id" AS user_id FROM "users" INNER JOIN "orders" ON "orders"."user_id" = "users"."id" INNER JOIN "tickets" ON "tickets"."order_id" = "orders"."id" GROUP BY "user_id" ORDER BY count_all desc[0m
  ↳ app/controllers/users_controller.rb:35
  [1m[36mUser Load (0.3ms)[0m  [1m[34mSELECT  "users".* FROM "users" WHERE "users"."id" = ? LIMIT ?[0m  [["id", 1], ["LIMIT", 1]]
  ↳ app/controllers/users_controller.rb:37
Completed 200 OK in 26ms (Views: 0.7ms | ActiveRecord: 2.0ms)


  [1m[36mUser Load (0.3ms)[0m  [1m[34mSELECT  "users".* FROM "users" ORDER BY "users"."id" DESC LIMIT ?[0m  [["LIMIT", 1]]
  [1m[35m (0.2ms)[0m  [1m[36mbegin transaction[0m
  [1m[36mOrder Create (0.8ms)[0m  [1m[32mINSERT INTO "orders" ("user_id", "created_at", "updated_at") VALUES (?, ?, ?)[0m  [["user_id", 5], ["created_at", "2019-04-11 19:23:05.462925"], ["updated_at", "2019-04-11 19:23:05.462925"]]
  [1m[35m (80.6ms)[0m  [1m[36mcommit transaction[0m
  [1m[36mTicketType Load (0.2ms)[0m  [1m[34mSELECT  "ticket_types".* FROM "ticket_types" ORDER BY "ticket_types"."id" DESC LIMIT ?[0m  [["LIMIT", 1]]
  [1m[35m (0.2ms)[0m  [1m[36mbegin transaction[0m
  [1m[36mTicket Create (0.8ms)[0m  [1m[32mINSERT INTO "tickets" ("ticket_type_id", "order_id", "created_at", "updated_at") VALUES (?, ?, ?, ?)[0m  [["ticket_type_id", 9], ["order_id", 16], ["created_at", "2019-04-11 19:24:26.125525"], ["updated_at", "2019-04-11 19:24:26.125525"]]
  [1m[35m (112.9ms)[0m  [1m[36mcommit transaction[0m
Started GET "/users/user_with_most_tickets" for 127.0.0.1 at 2019-04-11 15:24:53 -0400
  [1m[35m (0.3ms)[0m  [1m[34mSELECT "schema_migrations"."version" FROM "schema_migrations" ORDER BY "schema_migrations"."version" ASC[0m
  ↳ /home/martin/.rvm/gems/ruby-2.5.1/gems/activerecord-5.2.3/lib/active_record/log_subscriber.rb:98
Processing by UsersController#user_with_most_tickets as HTML
  [1m[35m (0.4ms)[0m  [1m[34mSELECT COUNT(*) AS count_all, "user_id" AS user_id FROM "users" INNER JOIN "orders" ON "orders"."user_id" = "users"."id" INNER JOIN "tickets" ON "tickets"."order_id" = "orders"."id" GROUP BY "user_id" ORDER BY count_all desc[0m
  ↳ app/controllers/users_controller.rb:35
  [1m[36mUser Load (0.3ms)[0m  [1m[34mSELECT  "users".* FROM "users" WHERE "users"."id" = ? LIMIT ?[0m  [["id", 5], ["LIMIT", 1]]
  ↳ app/controllers/users_controller.rb:37
Completed 200 OK in 44ms (Views: 0.8ms | ActiveRecord: 2.1ms)


Started GET "/users/user_with_most_tickets" for 127.0.0.1 at 2019-04-11 15:25:01 -0400
Processing by UsersController#user_with_most_tickets as HTML
  [1m[35m (0.3ms)[0m  [1m[34mSELECT COUNT(*) AS count_all, "user_id" AS user_id FROM "users" INNER JOIN "orders" ON "orders"."user_id" = "users"."id" INNER JOIN "tickets" ON "tickets"."order_id" = "orders"."id" GROUP BY "user_id" ORDER BY count_all desc[0m
  ↳ app/controllers/users_controller.rb:35
  [1m[36mUser Load (0.1ms)[0m  [1m[34mSELECT  "users".* FROM "users" WHERE "users"."id" = ? LIMIT ?[0m  [["id", 5], ["LIMIT", 1]]
  ↳ app/controllers/users_controller.rb:37
Completed 200 OK in 3ms (Views: 0.6ms | ActiveRecord: 0.4ms)


Started GET "/events/upcoming_events" for 127.0.0.1 at 2019-04-11 15:29:39 -0400
Processing by EventsController#upcoming_events as HTML
Completed 500 Internal Server Error in 6ms (ActiveRecord: 0.0ms)


  
NoMethodError (undefined method `now' for Date:Class
Did you mean?  new):
  
app/controllers/events_controller.rb:3:in `upcoming_events'
Started GET "/events/upcoming_events" for 127.0.0.1 at 2019-04-11 15:29:56 -0400
Processing by EventsController#upcoming_events as HTML
Completed 500 Internal Server Error in 5ms (ActiveRecord: 0.0ms)


  
ArgumentError (comparison of Symbol with Time failed):
  
app/controllers/events_controller.rb:3:in `>'
app/controllers/events_controller.rb:3:in `upcoming_events'
Started GET "/events/upcoming_events" for 127.0.0.1 at 2019-04-11 15:30:16 -0400
Processing by EventsController#upcoming_events as HTML
Completed 500 Internal Server Error in 4ms (ActiveRecord: 0.0ms)


  
ArgumentError (comparison of Symbol with DateTime failed):
  
app/controllers/events_controller.rb:3:in `>'
app/controllers/events_controller.rb:3:in `upcoming_events'
Started GET "/events/upcoming_events" for 127.0.0.1 at 2019-04-11 15:35:34 -0400
Processing by EventsController#upcoming_events as HTML
  [1m[36mEvent Load (0.3ms)[0m  [1m[34mSELECT "events".* FROM "events" WHERE "events"."start_date" BETWEEN ? AND ?[0m  [["start_date", "2019-04-11"], ["start_date", "2019-07-11"]]
  ↳ app/controllers/events_controller.rb:3
Completed 200 OK in 18ms (Views: 10.1ms | ActiveRecord: 1.4ms)


Started GET "/users" for ::1 at 2019-04-11 15:57:58 -0400
  [1m[35m (0.2ms)[0m  [1m[34mSELECT "schema_migrations"."version" FROM "schema_migrations" ORDER BY "schema_migrations"."version" ASC[0m
  ↳ /home/martin/.rvm/gems/ruby-2.5.1/gems/activerecord-5.2.3/lib/active_record/log_subscriber.rb:98
Processing by UsersController#index as */*
  [1m[36mUser Load (0.3ms)[0m  [1m[34mSELECT "users".* FROM "users"[0m
  ↳ app/controllers/users_controller.rb:3
Completed 200 OK in 29ms (Views: 13.0ms | ActiveRecord: 1.3ms)


Started POST "/users" for ::1 at 2019-04-11 15:58:48 -0400
Processing by UsersController#create as */*
Can't verify CSRF token authenticity.
Completed 422 Unprocessable Entity in 1ms (ActiveRecord: 0.0ms)


  
ActionController::InvalidAuthenticityToken (ActionController::InvalidAuthenticityToken):
  
actionpack (5.2.3) lib/action_controller/metal/request_forgery_protection.rb:211:in `handle_unverified_request'
actionpack (5.2.3) lib/action_controller/metal/request_forgery_protection.rb:243:in `handle_unverified_request'
actionpack (5.2.3) lib/action_controller/metal/request_forgery_protection.rb:238:in `verify_authenticity_token'
activesupport (5.2.3) lib/active_support/callbacks.rb:426:in `block in make_lambda'
activesupport (5.2.3) lib/active_support/callbacks.rb:198:in `block (2 levels) in halting'
actionpack (5.2.3) lib/abstract_controller/callbacks.rb:34:in `block (2 levels) in <module:Callbacks>'
activesupport (5.2.3) lib/active_support/callbacks.rb:199:in `block in halting'
activesupport (5.2.3) lib/active_support/callbacks.rb:513:in `block in invoke_before'
activesupport (5.2.3) lib/active_support/callbacks.rb:513:in `each'
activesupport (5.2.3) lib/active_support/callbacks.rb:513:in `invoke_before'
activesupport (5.2.3) lib/active_support/callbacks.rb:131:in `run_callbacks'
actionpack (5.2.3) lib/abstract_controller/callbacks.rb:41:in `process_action'
actionpack (5.2.3) lib/action_controller/metal/rescue.rb:22:in `process_action'
actionpack (5.2.3) lib/action_controller/metal/instrumentation.rb:34:in `block in process_action'
activesupport (5.2.3) lib/active_support/notifications.rb:168:in `block in instrument'
activesupport (5.2.3) lib/active_support/notifications/instrumenter.rb:23:in `instrument'
activesupport (5.2.3) lib/active_support/notifications.rb:168:in `instrument'
actionpack (5.2.3) lib/action_controller/metal/instrumentation.rb:32:in `process_action'
actionpack (5.2.3) lib/action_controller/metal/params_wrapper.rb:256:in `process_action'
activerecord (5.2.3) lib/active_record/railties/controller_runtime.rb:24:in `process_action'
actionpack (5.2.3) lib/abstract_controller/base.rb:134:in `process'
actionview (5.2.3) lib/action_view/rendering.rb:32:in `process'
actionpack (5.2.3) lib/action_controller/metal.rb:191:in `dispatch'
actionpack (5.2.3) lib/action_controller/metal.rb:252:in `dispatch'
actionpack (5.2.3) lib/action_dispatch/routing/route_set.rb:52:in `dispatch'
actionpack (5.2.3) lib/action_dispatch/routing/route_set.rb:34:in `serve'
actionpack (5.2.3) lib/action_dispatch/journey/router.rb:52:in `block in serve'
actionpack (5.2.3) lib/action_dispatch/journey/router.rb:35:in `each'
actionpack (5.2.3) lib/action_dispatch/journey/router.rb:35:in `serve'
actionpack (5.2.3) lib/action_dispatch/routing/route_set.rb:840:in `call'
rack (2.0.6) lib/rack/tempfile_reaper.rb:15:in `call'
rack (2.0.6) lib/rack/etag.rb:25:in `call'
rack (2.0.6) lib/rack/conditional_get.rb:38:in `call'
rack (2.0.6) lib/rack/head.rb:12:in `call'
actionpack (5.2.3) lib/action_dispatch/http/content_security_policy.rb:18:in `call'
rack (2.0.6) lib/rack/session/abstract/id.rb:232:in `context'
rack (2.0.6) lib/rack/session/abstract/id.rb:226:in `call'
actionpack (5.2.3) lib/action_dispatch/middleware/cookies.rb:670:in `call'
activerecord (5.2.3) lib/active_record/migration.rb:559:in `call'
actionpack (5.2.3) lib/action_dispatch/middleware/callbacks.rb:28:in `block in call'
activesupport (5.2.3) lib/active_support/callbacks.rb:98:in `run_callbacks'
actionpack (5.2.3) lib/action_dispatch/middleware/callbacks.rb:26:in `call'
actionpack (5.2.3) lib/action_dispatch/middleware/executor.rb:14:in `call'
actionpack (5.2.3) lib/action_dispatch/middleware/debug_exceptions.rb:61:in `call'
web-console (3.7.0) lib/web_console/middleware.rb:135:in `call_app'
web-console (3.7.0) lib/web_console/middleware.rb:30:in `block in call'
web-console (3.7.0) lib/web_console/middleware.rb:20:in `catch'
web-console (3.7.0) lib/web_console/middleware.rb:20:in `call'
actionpack (5.2.3) lib/action_dispatch/middleware/show_exceptions.rb:33:in `call'
railties (5.2.3) lib/rails/rack/logger.rb:38:in `call_app'
railties (5.2.3) lib/rails/rack/logger.rb:26:in `block in call'
activesupport (5.2.3) lib/active_support/tagged_logging.rb:71:in `block in tagged'
activesupport (5.2.3) lib/active_support/tagged_logging.rb:28:in `tagged'
activesupport (5.2.3) lib/active_support/tagged_logging.rb:71:in `tagged'
railties (5.2.3) lib/rails/rack/logger.rb:26:in `call'
sprockets-rails (3.2.1) lib/sprockets/rails/quiet_assets.rb:13:in `call'
actionpack (5.2.3) lib/action_dispatch/middleware/remote_ip.rb:81:in `call'
actionpack (5.2.3) lib/action_dispatch/middleware/request_id.rb:27:in `call'
rack (2.0.6) lib/rack/method_override.rb:22:in `call'
rack (2.0.6) lib/rack/runtime.rb:22:in `call'
activesupport (5.2.3) lib/active_support/cache/strategy/local_cache_middleware.rb:29:in `call'
actionpack (5.2.3) lib/action_dispatch/middleware/executor.rb:14:in `call'
actionpack (5.2.3) lib/action_dispatch/middleware/static.rb:127:in `call'
rack (2.0.6) lib/rack/sendfile.rb:111:in `call'
railties (5.2.3) lib/rails/engine.rb:524:in `call'
puma (3.12.1) lib/puma/configuration.rb:227:in `call'
puma (3.12.1) lib/puma/server.rb:660:in `handle_request'
puma (3.12.1) lib/puma/server.rb:474:in `process_client'
puma (3.12.1) lib/puma/server.rb:334:in `block in run'
puma (3.12.1) lib/puma/thread_pool.rb:135:in `block in spawn_thread'
Started GET "/users/1" for ::1 at 2019-04-11 16:01:47 -0400
Processing by UsersController#show as */*
  Parameters: {"id"=>"1"}
  [1m[36mUser Load (0.2ms)[0m  [1m[34mSELECT  "users".* FROM "users" WHERE "users"."id" = ? LIMIT ?[0m  [["id", 1], ["LIMIT", 1]]
  ↳ app/controllers/users_controller.rb:26
Completed 200 OK in 19ms (Views: 0.7ms | ActiveRecord: 1.4ms)


Started GET "/users" for ::1 at 2019-04-11 16:02:48 -0400
Processing by UsersController#index as */*
  [1m[36mUser Load (0.3ms)[0m  [1m[34mSELECT "users".* FROM "users"[0m
  ↳ app/controllers/users_controller.rb:3
Completed 200 OK in 4ms (Views: 2.6ms | ActiveRecord: 0.3ms)


Started POST "/users" for ::1 at 2019-04-11 16:04:33 -0400
Processing by UsersController#create as */*
Can't verify CSRF token authenticity.
Completed 422 Unprocessable Entity in 1ms (ActiveRecord: 0.0ms)


  
ActionController::InvalidAuthenticityToken (ActionController::InvalidAuthenticityToken):
  
actionpack (5.2.3) lib/action_controller/metal/request_forgery_protection.rb:211:in `handle_unverified_request'
actionpack (5.2.3) lib/action_controller/metal/request_forgery_protection.rb:243:in `handle_unverified_request'
actionpack (5.2.3) lib/action_controller/metal/request_forgery_protection.rb:238:in `verify_authenticity_token'
activesupport (5.2.3) lib/active_support/callbacks.rb:426:in `block in make_lambda'
activesupport (5.2.3) lib/active_support/callbacks.rb:198:in `block (2 levels) in halting'
actionpack (5.2.3) lib/abstract_controller/callbacks.rb:34:in `block (2 levels) in <module:Callbacks>'
activesupport (5.2.3) lib/active_support/callbacks.rb:199:in `block in halting'
activesupport (5.2.3) lib/active_support/callbacks.rb:513:in `block in invoke_before'
activesupport (5.2.3) lib/active_support/callbacks.rb:513:in `each'
activesupport (5.2.3) lib/active_support/callbacks.rb:513:in `invoke_before'
activesupport (5.2.3) lib/active_support/callbacks.rb:131:in `run_callbacks'
actionpack (5.2.3) lib/abstract_controller/callbacks.rb:41:in `process_action'
actionpack (5.2.3) lib/action_controller/metal/rescue.rb:22:in `process_action'
actionpack (5.2.3) lib/action_controller/metal/instrumentation.rb:34:in `block in process_action'
activesupport (5.2.3) lib/active_support/notifications.rb:168:in `block in instrument'
activesupport (5.2.3) lib/active_support/notifications/instrumenter.rb:23:in `instrument'
activesupport (5.2.3) lib/active_support/notifications.rb:168:in `instrument'
actionpack (5.2.3) lib/action_controller/metal/instrumentation.rb:32:in `process_action'
actionpack (5.2.3) lib/action_controller/metal/params_wrapper.rb:256:in `process_action'
activerecord (5.2.3) lib/active_record/railties/controller_runtime.rb:24:in `process_action'
actionpack (5.2.3) lib/abstract_controller/base.rb:134:in `process'
actionview (5.2.3) lib/action_view/rendering.rb:32:in `process'
actionpack (5.2.3) lib/action_controller/metal.rb:191:in `dispatch'
actionpack (5.2.3) lib/action_controller/metal.rb:252:in `dispatch'
actionpack (5.2.3) lib/action_dispatch/routing/route_set.rb:52:in `dispatch'
actionpack (5.2.3) lib/action_dispatch/routing/route_set.rb:34:in `serve'
actionpack (5.2.3) lib/action_dispatch/journey/router.rb:52:in `block in serve'
actionpack (5.2.3) lib/action_dispatch/journey/router.rb:35:in `each'
actionpack (5.2.3) lib/action_dispatch/journey/router.rb:35:in `serve'
actionpack (5.2.3) lib/action_dispatch/routing/route_set.rb:840:in `call'
rack (2.0.6) lib/rack/tempfile_reaper.rb:15:in `call'
rack (2.0.6) lib/rack/etag.rb:25:in `call'
rack (2.0.6) lib/rack/conditional_get.rb:38:in `call'
rack (2.0.6) lib/rack/head.rb:12:in `call'
actionpack (5.2.3) lib/action_dispatch/http/content_security_policy.rb:18:in `call'
rack (2.0.6) lib/rack/session/abstract/id.rb:232:in `context'
rack (2.0.6) lib/rack/session/abstract/id.rb:226:in `call'
actionpack (5.2.3) lib/action_dispatch/middleware/cookies.rb:670:in `call'
activerecord (5.2.3) lib/active_record/migration.rb:559:in `call'
actionpack (5.2.3) lib/action_dispatch/middleware/callbacks.rb:28:in `block in call'
activesupport (5.2.3) lib/active_support/callbacks.rb:98:in `run_callbacks'
actionpack (5.2.3) lib/action_dispatch/middleware/callbacks.rb:26:in `call'
actionpack (5.2.3) lib/action_dispatch/middleware/executor.rb:14:in `call'
actionpack (5.2.3) lib/action_dispatch/middleware/debug_exceptions.rb:61:in `call'
web-console (3.7.0) lib/web_console/middleware.rb:135:in `call_app'
web-console (3.7.0) lib/web_console/middleware.rb:30:in `block in call'
web-console (3.7.0) lib/web_console/middleware.rb:20:in `catch'
web-console (3.7.0) lib/web_console/middleware.rb:20:in `call'
actionpack (5.2.3) lib/action_dispatch/middleware/show_exceptions.rb:33:in `call'
railties (5.2.3) lib/rails/rack/logger.rb:38:in `call_app'
railties (5.2.3) lib/rails/rack/logger.rb:26:in `block in call'
activesupport (5.2.3) lib/active_support/tagged_logging.rb:71:in `block in tagged'
activesupport (5.2.3) lib/active_support/tagged_logging.rb:28:in `tagged'
activesupport (5.2.3) lib/active_support/tagged_logging.rb:71:in `tagged'
railties (5.2.3) lib/rails/rack/logger.rb:26:in `call'
sprockets-rails (3.2.1) lib/sprockets/rails/quiet_assets.rb:13:in `call'
actionpack (5.2.3) lib/action_dispatch/middleware/remote_ip.rb:81:in `call'
actionpack (5.2.3) lib/action_dispatch/middleware/request_id.rb:27:in `call'
rack (2.0.6) lib/rack/method_override.rb:22:in `call'
rack (2.0.6) lib/rack/runtime.rb:22:in `call'
activesupport (5.2.3) lib/active_support/cache/strategy/local_cache_middleware.rb:29:in `call'
actionpack (5.2.3) lib/action_dispatch/middleware/executor.rb:14:in `call'
actionpack (5.2.3) lib/action_dispatch/middleware/static.rb:127:in `call'
rack (2.0.6) lib/rack/sendfile.rb:111:in `call'
railties (5.2.3) lib/rails/engine.rb:524:in `call'
puma (3.12.1) lib/puma/configuration.rb:227:in `call'
puma (3.12.1) lib/puma/server.rb:660:in `handle_request'
puma (3.12.1) lib/puma/server.rb:474:in `process_client'
puma (3.12.1) lib/puma/server.rb:334:in `block in run'
puma (3.12.1) lib/puma/thread_pool.rb:135:in `block in spawn_thread'
Started POST "/users" for ::1 at 2019-04-11 16:06:44 -0400
Processing by UsersController#create as */*
  Parameters: {"user"=>{"name"=>"Tester", "lastname"=>"Test", "email"=>"emailemail@miuandes.cl", "password"=>"[FILTERED]", "address"=>"San Carlos de Apoquindo"}}
Can't verify CSRF token authenticity.
Completed 422 Unprocessable Entity in 8ms (ActiveRecord: 0.0ms)


  
ActionController::InvalidAuthenticityToken (ActionController::InvalidAuthenticityToken):
  
actionpack (5.2.3) lib/action_controller/metal/request_forgery_protection.rb:211:in `handle_unverified_request'
actionpack (5.2.3) lib/action_controller/metal/request_forgery_protection.rb:243:in `handle_unverified_request'
actionpack (5.2.3) lib/action_controller/metal/request_forgery_protection.rb:238:in `verify_authenticity_token'
activesupport (5.2.3) lib/active_support/callbacks.rb:426:in `block in make_lambda'
activesupport (5.2.3) lib/active_support/callbacks.rb:198:in `block (2 levels) in halting'
actionpack (5.2.3) lib/abstract_controller/callbacks.rb:34:in `block (2 levels) in <module:Callbacks>'
activesupport (5.2.3) lib/active_support/callbacks.rb:199:in `block in halting'
activesupport (5.2.3) lib/active_support/callbacks.rb:513:in `block in invoke_before'
activesupport (5.2.3) lib/active_support/callbacks.rb:513:in `each'
activesupport (5.2.3) lib/active_support/callbacks.rb:513:in `invoke_before'
activesupport (5.2.3) lib/active_support/callbacks.rb:131:in `run_callbacks'
actionpack (5.2.3) lib/abstract_controller/callbacks.rb:41:in `process_action'
actionpack (5.2.3) lib/action_controller/metal/rescue.rb:22:in `process_action'
actionpack (5.2.3) lib/action_controller/metal/instrumentation.rb:34:in `block in process_action'
activesupport (5.2.3) lib/active_support/notifications.rb:168:in `block in instrument'
activesupport (5.2.3) lib/active_support/notifications/instrumenter.rb:23:in `instrument'
activesupport (5.2.3) lib/active_support/notifications.rb:168:in `instrument'
actionpack (5.2.3) lib/action_controller/metal/instrumentation.rb:32:in `process_action'
actionpack (5.2.3) lib/action_controller/metal/params_wrapper.rb:256:in `process_action'
activerecord (5.2.3) lib/active_record/railties/controller_runtime.rb:24:in `process_action'
actionpack (5.2.3) lib/abstract_controller/base.rb:134:in `process'
actionview (5.2.3) lib/action_view/rendering.rb:32:in `process'
actionpack (5.2.3) lib/action_controller/metal.rb:191:in `dispatch'
actionpack (5.2.3) lib/action_controller/metal.rb:252:in `dispatch'
actionpack (5.2.3) lib/action_dispatch/routing/route_set.rb:52:in `dispatch'
actionpack (5.2.3) lib/action_dispatch/routing/route_set.rb:34:in `serve'
actionpack (5.2.3) lib/action_dispatch/journey/router.rb:52:in `block in serve'
actionpack (5.2.3) lib/action_dispatch/journey/router.rb:35:in `each'
actionpack (5.2.3) lib/action_dispatch/journey/router.rb:35:in `serve'
actionpack (5.2.3) lib/action_dispatch/routing/route_set.rb:840:in `call'
rack (2.0.6) lib/rack/tempfile_reaper.rb:15:in `call'
rack (2.0.6) lib/rack/etag.rb:25:in `call'
rack (2.0.6) lib/rack/conditional_get.rb:38:in `call'
rack (2.0.6) lib/rack/head.rb:12:in `call'
actionpack (5.2.3) lib/action_dispatch/http/content_security_policy.rb:18:in `call'
rack (2.0.6) lib/rack/session/abstract/id.rb:232:in `context'
rack (2.0.6) lib/rack/session/abstract/id.rb:226:in `call'
actionpack (5.2.3) lib/action_dispatch/middleware/cookies.rb:670:in `call'
activerecord (5.2.3) lib/active_record/migration.rb:559:in `call'
actionpack (5.2.3) lib/action_dispatch/middleware/callbacks.rb:28:in `block in call'
activesupport (5.2.3) lib/active_support/callbacks.rb:98:in `run_callbacks'
actionpack (5.2.3) lib/action_dispatch/middleware/callbacks.rb:26:in `call'
actionpack (5.2.3) lib/action_dispatch/middleware/executor.rb:14:in `call'
actionpack (5.2.3) lib/action_dispatch/middleware/debug_exceptions.rb:61:in `call'
web-console (3.7.0) lib/web_console/middleware.rb:135:in `call_app'
web-console (3.7.0) lib/web_console/middleware.rb:30:in `block in call'
web-console (3.7.0) lib/web_console/middleware.rb:20:in `catch'
web-console (3.7.0) lib/web_console/middleware.rb:20:in `call'
actionpack (5.2.3) lib/action_dispatch/middleware/show_exceptions.rb:33:in `call'
railties (5.2.3) lib/rails/rack/logger.rb:38:in `call_app'
railties (5.2.3) lib/rails/rack/logger.rb:26:in `block in call'
activesupport (5.2.3) lib/active_support/tagged_logging.rb:71:in `block in tagged'
activesupport (5.2.3) lib/active_support/tagged_logging.rb:28:in `tagged'
activesupport (5.2.3) lib/active_support/tagged_logging.rb:71:in `tagged'
railties (5.2.3) lib/rails/rack/logger.rb:26:in `call'
sprockets-rails (3.2.1) lib/sprockets/rails/quiet_assets.rb:13:in `call'
actionpack (5.2.3) lib/action_dispatch/middleware/remote_ip.rb:81:in `call'
actionpack (5.2.3) lib/action_dispatch/middleware/request_id.rb:27:in `call'
rack (2.0.6) lib/rack/method_override.rb:22:in `call'
rack (2.0.6) lib/rack/runtime.rb:22:in `call'
activesupport (5.2.3) lib/active_support/cache/strategy/local_cache_middleware.rb:29:in `call'
actionpack (5.2.3) lib/action_dispatch/middleware/executor.rb:14:in `call'
actionpack (5.2.3) lib/action_dispatch/middleware/static.rb:127:in `call'
rack (2.0.6) lib/rack/sendfile.rb:111:in `call'
railties (5.2.3) lib/rails/engine.rb:524:in `call'
puma (3.12.1) lib/puma/configuration.rb:227:in `call'
puma (3.12.1) lib/puma/server.rb:660:in `handle_request'
puma (3.12.1) lib/puma/server.rb:474:in `process_client'
puma (3.12.1) lib/puma/server.rb:334:in `block in run'
puma (3.12.1) lib/puma/thread_pool.rb:135:in `block in spawn_thread'
Started POST "/users" for ::1 at 2019-04-11 16:10:41 -0400
Processing by UsersController#create as */*
  Parameters: {"user"=>{"name"=>"Tester", "lastname"=>"Test", "email"=>"emailemail@miuandes.cl", "password"=>"[FILTERED]", "address"=>"San Carlos de Apoquindo"}}
Completed 500 Internal Server Error in 11ms (ActiveRecord: 1.0ms)


  
ActiveModel::ForbiddenAttributesError (ActiveModel::ForbiddenAttributesError):
  
app/controllers/users_controller.rb:9:in `create'
Started GET "/users/1" for 127.0.0.1 at 2019-04-11 16:13:05 -0400
Processing by UsersController#show as HTML
  Parameters: {"id"=>"1"}
Completed 200 OK in 1ms (Views: 0.2ms | ActiveRecord: 0.0ms)


Started POST "/users" for ::1 at 2019-04-11 16:16:22 -0400
Processing by UsersController#create as */*
  Parameters: {"user"=>{"name"=>"Tester", "lastname"=>"Test", "email"=>"emailemail@miuandes.cl", "password"=>"[FILTERED]", "address"=>"San Carlos de Apoquindo"}}
Completed 500 Internal Server Error in 11ms (ActiveRecord: 1.1ms)


  
ActiveModel::ForbiddenAttributesError (ActiveModel::ForbiddenAttributesError):
  
app/controllers/users_controller.rb:9:in `create'
Started GET "/users/1" for 127.0.0.1 at 2019-04-11 16:24:51 -0400
Processing by UsersController#show as HTML
  Parameters: {"id"=>"1"}
  [1m[36mUser Load (0.2ms)[0m  [1m[34mSELECT  "users".* FROM "users" WHERE "users"."id" = ? LIMIT ?[0m  [["id", 1], ["LIMIT", 1]]
  ↳ app/controllers/users_controller.rb:41
Completed 200 OK in 20ms (Views: 0.7ms | ActiveRecord: 1.3ms)


Started GET "/users" for 127.0.0.1 at 2019-04-11 16:24:55 -0400
Processing by UsersController#index as HTML
  [1m[36mUser Load (0.3ms)[0m  [1m[34mSELECT "users".* FROM "users"[0m
  ↳ app/controllers/users_controller.rb:6
Completed 200 OK in 10ms (Views: 9.0ms | ActiveRecord: 0.3ms)


Started POST "/users" for ::1 at 2019-04-11 16:25:27 -0400
Processing by UsersController#create as */*
  Parameters: {"user"=>{"name"=>"Tester", "lastname"=>"Test", "email"=>"emailemail@miuandes.cl", "password"=>"[FILTERED]", "address"=>"San Carlos de Apoquindo"}}
  [1m[35m (0.1ms)[0m  [1m[36mbegin transaction[0m
  ↳ app/controllers/users_controller.rb:11
  [1m[36mUser Create (0.5ms)[0m  [1m[32mINSERT INTO "users" ("name", "lastname", "email", "password", "address", "created_at", "updated_at") VALUES (?, ?, ?, ?, ?, ?, ?)[0m  [["name", "Tester"], ["lastname", "Test"], ["email", "emailemail@miuandes.cl"], ["password", "123456"], ["address", "San Carlos de Apoquindo"], ["created_at", "2019-04-11 20:25:27.068070"], ["updated_at", "2019-04-11 20:25:27.068070"]]
  ↳ app/controllers/users_controller.rb:11
  [1m[35m (71.2ms)[0m  [1m[36mcommit transaction[0m
  ↳ app/controllers/users_controller.rb:11
Completed 200 OK in 79ms (Views: 0.5ms | ActiveRecord: 71.8ms)


Started GET "/users" for ::1 at 2019-04-11 16:25:46 -0400
Processing by UsersController#index as */*
  Parameters: {"user"=>{"name"=>"Tester", "lastname"=>"Test", "email"=>"emailemail@miuandes.cl", "password"=>"[FILTERED]", "address"=>"San Carlos de Apoquindo"}}
  [1m[36mUser Load (0.3ms)[0m  [1m[34mSELECT "users".* FROM "users"[0m
  ↳ app/controllers/users_controller.rb:6
Completed 200 OK in 5ms (Views: 4.5ms | ActiveRecord: 0.3ms)


Started GET "/users/6" for ::1 at 2019-04-11 16:26:11 -0400
Processing by UsersController#show as */*
  Parameters: {"user"=>{"name"=>"Tester", "lastname"=>"Test", "email"=>"emailemail@miuandes.cl", "password"=>"[FILTERED]", "address"=>"San Carlos de Apoquindo"}, "id"=>"6"}
  [1m[36mUser Load (0.2ms)[0m  [1m[34mSELECT  "users".* FROM "users" WHERE "users"."id" = ? LIMIT ?[0m  [["id", 6], ["LIMIT", 1]]
  ↳ app/controllers/users_controller.rb:41
Completed 200 OK in 3ms (Views: 0.8ms | ActiveRecord: 0.2ms)


Started PATCH "/users/6" for ::1 at 2019-04-11 16:28:23 -0400
Processing by UsersController#update as */*
  Parameters: {"user"=>{"name"=>"Testerer", "lastname"=>"Test", "email"=>"emailemail@miuandes.cl", "password"=>"[FILTERED]", "address"=>"San Carlos de Apoquindo"}, "id"=>"6"}
  [1m[36mUser Load (0.2ms)[0m  [1m[34mSELECT  "users".* FROM "users" WHERE "users"."id" = ? LIMIT ?[0m  [["id", 6], ["LIMIT", 1]]
  ↳ app/controllers/users_controller.rb:43
  [1m[35m (0.1ms)[0m  [1m[36mbegin transaction[0m
  ↳ app/controllers/users_controller.rb:24
  [1m[36mUser Update (0.3ms)[0m  [1m[33mUPDATE "users" SET "name" = ?, "updated_at" = ? WHERE "users"."id" = ?[0m  [["name", "Testerer"], ["updated_at", "2019-04-11 20:28:23.553889"], ["id", 6]]
  ↳ app/controllers/users_controller.rb:24
  [1m[35m (73.9ms)[0m  [1m[36mcommit transaction[0m
  ↳ app/controllers/users_controller.rb:24
Completed 200 OK in 94ms (Views: 0.5ms | ActiveRecord: 75.6ms)


Started GET "/users/6" for ::1 at 2019-04-11 16:28:32 -0400
Processing by UsersController#show as */*
  Parameters: {"user"=>{"name"=>"Testerer", "lastname"=>"Test", "email"=>"emailemail@miuandes.cl", "password"=>"[FILTERED]", "address"=>"San Carlos de Apoquindo"}, "id"=>"6"}
  [1m[36mUser Load (0.1ms)[0m  [1m[34mSELECT  "users".* FROM "users" WHERE "users"."id" = ? LIMIT ?[0m  [["id", 6], ["LIMIT", 1]]
  ↳ app/controllers/users_controller.rb:43
Completed 200 OK in 2ms (Views: 0.5ms | ActiveRecord: 0.1ms)


Started DELETE "/users/6" for ::1 at 2019-04-11 16:28:38 -0400
Processing by UsersController#destroy as */*
  Parameters: {"user"=>{"name"=>"Testerer", "lastname"=>"Test", "email"=>"emailemail@miuandes.cl", "password"=>"[FILTERED]", "address"=>"San Carlos de Apoquindo"}, "id"=>"6"}
  [1m[36mUser Load (0.2ms)[0m  [1m[34mSELECT  "users".* FROM "users" WHERE "users"."id" = ? LIMIT ?[0m  [["id", 6], ["LIMIT", 1]]
  ↳ app/controllers/users_controller.rb:43
  [1m[35m (0.1ms)[0m  [1m[36mbegin transaction[0m
  ↳ app/controllers/users_controller.rb:19
  [1m[36mUser Destroy (2.1ms)[0m  [1m[31mDELETE FROM "users" WHERE "users"."id" = ?[0m  [["id", 6]]
  ↳ app/controllers/users_controller.rb:19
  [1m[35m (87.8ms)[0m  [1m[36mcommit transaction[0m
  ↳ app/controllers/users_controller.rb:19
Completed 200 OK in 96ms (Views: 0.3ms | ActiveRecord: 90.2ms)


Started GET "/users/6" for ::1 at 2019-04-11 16:28:50 -0400
Processing by UsersController#show as */*
  Parameters: {"user"=>{"name"=>"Testerer", "lastname"=>"Test", "email"=>"emailemail@miuandes.cl", "password"=>"[FILTERED]", "address"=>"San Carlos de Apoquindo"}, "id"=>"6"}
  [1m[36mUser Load (0.2ms)[0m  [1m[34mSELECT  "users".* FROM "users" WHERE "users"."id" = ? LIMIT ?[0m  [["id", 6], ["LIMIT", 1]]
  ↳ app/controllers/users_controller.rb:43
Completed 404 Not Found in 2ms (ActiveRecord: 0.2ms)


  
ActiveRecord::RecordNotFound (Couldn't find User with 'id'=6):
  
app/controllers/users_controller.rb:43:in `set_user'
Started GET "/events" for ::1 at 2019-04-11 16:42:54 -0400
Processing by EventsController#index as */*
  Parameters: {"user"=>{"name"=>"Testerer", "lastname"=>"Test", "email"=>"emailemail@miuandes.cl", "password"=>"[FILTERED]", "address"=>"San Carlos de Apoquindo"}, "event"=>{}}
  [1m[36mEvent Load (0.2ms)[0m  [1m[34mSELECT "events".* FROM "events"[0m
  ↳ app/controllers/events_controller.rb:6
Completed 200 OK in 11ms (Views: 9.8ms | ActiveRecord: 1.2ms)


Started POST "/events" for ::1 at 2019-04-11 16:44:22 -0400
Processing by EventsController#create as */*
  Parameters: {"event"=>{"name"=>"Festival del Test", "description"=>"Puro testing", "start_date"=>"2019-06-01", "event_venue_id"=>3}}
  [1m[35m (0.1ms)[0m  [1m[36mbegin transaction[0m
  ↳ app/controllers/events_controller.rb:11
  [1m[36mEventVenue Load (0.3ms)[0m  [1m[34mSELECT  "event_venues".* FROM "event_venues" WHERE "event_venues"."id" = ? LIMIT ?[0m  [["id", 3], ["LIMIT", 1]]
  ↳ app/controllers/events_controller.rb:11
  [1m[36mEvent Create (0.4ms)[0m  [1m[32mINSERT INTO "events" ("name", "description", "start_date", "event_venue_id", "created_at", "updated_at") VALUES (?, ?, ?, ?, ?, ?)[0m  [["name", "Festival del Test"], ["description", "Puro testing"], ["start_date", "2019-06-01"], ["event_venue_id", 3], ["created_at", "2019-04-11 20:44:23.017093"], ["updated_at", "2019-04-11 20:44:23.017093"]]
  ↳ app/controllers/events_controller.rb:11
  [1m[35m (79.0ms)[0m  [1m[36mcommit transaction[0m
  ↳ app/controllers/events_controller.rb:11
Completed 200 OK in 121ms (Views: 0.9ms | ActiveRecord: 80.8ms)


Started GET "/events/1" for ::1 at 2019-04-11 16:44:36 -0400
Processing by EventsController#show as */*
  Parameters: {"event"=>{"name"=>"Festival del Test", "description"=>"Puro testing", "start_date"=>"2019-06-01", "event_venue_id"=>3}, "id"=>"1"}
  [1m[36mEvent Load (0.3ms)[0m  [1m[34mSELECT  "events".* FROM "events" WHERE "events"."id" = ? LIMIT ?[0m  [["id", 1], ["LIMIT", 1]]
  ↳ app/controllers/events_controller.rb:41
Completed 200 OK in 2ms (Views: 0.6ms | ActiveRecord: 0.3ms)


Started GET "/events/4" for ::1 at 2019-04-11 16:44:44 -0400
Processing by EventsController#show as */*
  Parameters: {"event"=>{"name"=>"Festival del Test", "description"=>"Puro testing", "start_date"=>"2019-06-01", "event_venue_id"=>3}, "id"=>"4"}
  [1m[36mEvent Load (0.2ms)[0m  [1m[34mSELECT  "events".* FROM "events" WHERE "events"."id" = ? LIMIT ?[0m  [["id", 4], ["LIMIT", 1]]
  ↳ app/controllers/events_controller.rb:41
Completed 200 OK in 2ms (Views: 0.9ms | ActiveRecord: 0.2ms)


Started PATCH "/events/4" for ::1 at 2019-04-11 16:45:06 -0400
Processing by EventsController#update as */*
  Parameters: {"event"=>{"name"=>"Festival del Test", "description"=>"Puro testinggggg", "start_date"=>"2019-06-01", "event_venue_id"=>3}, "id"=>"4"}
  [1m[36mEvent Load (0.2ms)[0m  [1m[34mSELECT  "events".* FROM "events" WHERE "events"."id" = ? LIMIT ?[0m  [["id", 4], ["LIMIT", 1]]
  ↳ app/controllers/events_controller.rb:41
  [1m[35m (0.1ms)[0m  [1m[36mbegin transaction[0m
  ↳ app/controllers/events_controller.rb:24
  [1m[36mEventVenue Load (0.2ms)[0m  [1m[34mSELECT  "event_venues".* FROM "event_venues" WHERE "event_venues"."id" = ? LIMIT ?[0m  [["id", 3], ["LIMIT", 1]]
  ↳ app/controllers/events_controller.rb:24
  [1m[36mEvent Update (0.4ms)[0m  [1m[33mUPDATE "events" SET "description" = ?, "updated_at" = ? WHERE "events"."id" = ?[0m  [["description", "Puro testinggggg"], ["updated_at", "2019-04-11 20:45:06.331979"], ["id", 4]]
  ↳ app/controllers/events_controller.rb:24
  [1m[35m (76.5ms)[0m  [1m[36mcommit transaction[0m
  ↳ app/controllers/events_controller.rb:24
Completed 200 OK in 87ms (Views: 0.5ms | ActiveRecord: 77.5ms)


Started DELETE "/events/4" for ::1 at 2019-04-11 16:45:16 -0400
Processing by EventsController#destroy as */*
  Parameters: {"event"=>{"name"=>"Festival del Test", "description"=>"Puro testinggggg", "start_date"=>"2019-06-01", "event_venue_id"=>3}, "id"=>"4"}
  [1m[36mEvent Load (0.2ms)[0m  [1m[34mSELECT  "events".* FROM "events" WHERE "events"."id" = ? LIMIT ?[0m  [["id", 4], ["LIMIT", 1]]
  ↳ app/controllers/events_controller.rb:41
  [1m[35m (0.1ms)[0m  [1m[36mbegin transaction[0m
  ↳ app/controllers/events_controller.rb:19
  [1m[36mEvent Destroy (0.5ms)[0m  [1m[31mDELETE FROM "events" WHERE "events"."id" = ?[0m  [["id", 4]]
  ↳ app/controllers/events_controller.rb:19
  [1m[35m (114.7ms)[0m  [1m[36mcommit transaction[0m
  ↳ app/controllers/events_controller.rb:19
Completed 200 OK in 121ms (Views: 0.1ms | ActiveRecord: 115.6ms)


Started GET "/events" for ::1 at 2019-04-11 16:45:28 -0400
Processing by EventsController#index as */*
  Parameters: {"event"=>{"name"=>"Festival del Test", "description"=>"Puro testinggggg", "start_date"=>"2019-06-01", "event_venue_id"=>3}}
  [1m[36mEvent Load (0.2ms)[0m  [1m[34mSELECT "events".* FROM "events"[0m
  ↳ app/controllers/events_controller.rb:6
Completed 200 OK in 3ms (Views: 2.0ms | ActiveRecord: 0.2ms)


Started GET "/ticket_types" for ::1 at 2019-04-11 16:46:17 -0400
Processing by TicketTypesController#index as */*
  Parameters: {"event"=>{"name"=>"Festival del Test", "description"=>"Puro testinggggg", "start_date"=>"2019-06-01", "event_venue_id"=>3}, "ticket_type"=>{}}
  [1m[36mTicketType Load (0.4ms)[0m  [1m[34mSELECT "ticket_types".* FROM "ticket_types"[0m
  ↳ app/controllers/ticket_types_controller.rb:6
Completed 200 OK in 18ms (Views: 15.9ms | ActiveRecord: 1.6ms)


Started GET "/ticket_types/3/tickets" for ::1 at 2019-04-11 16:46:26 -0400
Processing by TicketsController#index as */*
  Parameters: {"event"=>{"name"=>"Festival del Test", "description"=>"Puro testinggggg", "start_date"=>"2019-06-01", "event_venue_id"=>3}, "ticket_type_id"=>"3", "ticket"=>{}}
  [1m[36mTicket Load (0.3ms)[0m  [1m[34mSELECT "tickets".* FROM "tickets"[0m
  ↳ app/controllers/tickets_controller.rb:6
Completed 200 OK in 13ms (Views: 12.2ms | ActiveRecord: 1.1ms)


Started GET "/ticket_types/3/tickets" for ::1 at 2019-04-11 16:48:36 -0400
Processing by TicketsController#index as */*
  Parameters: {"event"=>{"name"=>"Festival del Test", "description"=>"Puro testinggggg", "start_date"=>"2019-06-01", "event_venue_id"=>3}, "ticket_type_id"=>"3", "ticket"=>{}}
  [1m[36mTicketType Load (0.2ms)[0m  [1m[34mSELECT  "ticket_types".* FROM "ticket_types" WHERE "ticket_types"."id" = ? LIMIT ?[0m  [["id", 3], ["LIMIT", 1]]
  ↳ app/controllers/tickets_controller.rb:7
  [1m[36mTicket Load (0.3ms)[0m  [1m[34mSELECT "tickets".* FROM "tickets" WHERE "tickets"."ticket_type_id" = ?[0m  [["ticket_type_id", 3]]
  ↳ app/controllers/tickets_controller.rb:7
Completed 200 OK in 27ms (Views: 9.8ms | ActiveRecord: 2.1ms)


Started GET "/ticket_types/3/tickets/1" for ::1 at 2019-04-11 16:49:45 -0400
Processing by TicketsController#show as */*
  Parameters: {"event"=>{"name"=>"Festival del Test", "description"=>"Puro testinggggg", "start_date"=>"2019-06-01", "event_venue_id"=>3}, "ticket_type_id"=>"3", "id"=>"1", "ticket"=>{}}
  [1m[36mTicket Load (0.3ms)[0m  [1m[34mSELECT  "tickets".* FROM "tickets" WHERE "tickets"."id" = ? LIMIT ?[0m  [["id", 1], ["LIMIT", 1]]
  ↳ app/controllers/tickets_controller.rb:41
Completed 200 OK in 3ms (Views: 0.8ms | ActiveRecord: 0.3ms)


